Using pre-set license
Built from '2021.1/staging' branch; Version is '2021.1.18f1 (25bdc3efbc2d) revision 2473411'; Using compiler version '192528614'; Build Type 'Release'
OS: 'Windows 10 Home Single Language; OS build 19042.1348; Version 2009; 64bit' Language: 'es' Physical Memory: 12130 MB
BatchMode: 1, IsHumanControllingUs: 0, StartBugReporterOnCrash: 0, Is64bit: 1, IsPro: 0

COMMAND LINE ARGUMENTS:
C:\Program Files\Unity\Hub\Editor\2021.1.18f1\Editor\Unity.exe
-adb2
-batchMode
-noUpm
-name
AssetImportWorker1
-projectPath
C:/Users/Ozami/MegamanX-Final
-logFile
Logs/AssetImportWorker1.log
-srvPort
61498
Successfully changed project path to: C:/Users/Ozami/MegamanX-Final
C:/Users/Ozami/MegamanX-Final
Using Asset Import Pipeline V2.
Refreshing native plugins compatible for Editor in 100.01 ms, found 3 plugins.
Preloading 0 native plugins for Editor in 0.00 ms.
Initialize engine version: 2021.1.18f1 (25bdc3efbc2d)
[Subsystems] Discovering subsystems at path C:/Program Files/Unity/Hub/Editor/2021.1.18f1/Editor/Data/Resources/UnitySubsystems
[Subsystems] Discovering subsystems at path C:/Users/Ozami/MegamanX-Final/Assets
GfxDevice: creating device client; threaded=0; jobified=0
Direct3D:
    Version:  Direct3D 11.0 [level 11.1]
    Renderer: NVIDIA GeForce GTX 1050 (ID=0x1c8d)
    Vendor:   NVIDIA
    VRAM:     4019 MB
    Driver:   25.21.14.1972
Initialize mono
Mono path[0] = 'C:/Program Files/Unity/Hub/Editor/2021.1.18f1/Editor/Data/Managed'
Mono path[1] = 'C:/Program Files/Unity/Hub/Editor/2021.1.18f1/Editor/Data/MonoBleedingEdge/lib/mono/unityjit'
Mono config path = 'C:/Program Files/Unity/Hub/Editor/2021.1.18f1/Editor/Data/MonoBleedingEdge/etc'
Using monoOptions --debugger-agent=transport=dt_socket,embedding=1,server=y,suspend=n,address=127.0.0.1:56208
Begin MonoManager ReloadAssembly
Registering precompiled unity dll's ...
Register platform support module: C:/Program Files/Unity/Hub/Editor/2021.1.18f1/Editor/Data/PlaybackEngines/WebGLSupport/UnityEditor.WebGL.Extensions.dll
Register platform support module: C:/Program Files/Unity/Hub/Editor/2021.1.18f1/Editor/Data/PlaybackEngines/WindowsStandaloneSupport/UnityEditor.WindowsStandalone.Extensions.dll
Registered in 0.005907 seconds.
Native extension for WindowsStandalone target not found
Native extension for WebGL target not found
Refreshing native plugins compatible for Editor in 84.92 ms, found 3 plugins.
Preloading 0 native plugins for Editor in 0.00 ms.
Mono: successfully reloaded assembly
- Completed reload, in  2.871 seconds
Domain Reload Profiling:
	ReloadAssembly (2871ms)
		BeginReloadAssembly (134ms)
			ExecutionOrderSort (0ms)
			DisableScriptedObjects (0ms)
			BackupInstance (0ms)
			ReleaseScriptingObjects (0ms)
			CreateAndSetChildDomain (1ms)
		EndReloadAssembly (737ms)
			LoadAssemblies (130ms)
			RebuildTransferFunctionScriptingTraits (0ms)
			SetupTypeCache (282ms)
			ReleaseScriptCaches (0ms)
			RebuildScriptCaches (51ms)
			SetupLoadedEditorAssemblies (322ms)
				LogAssemblyErrors (0ms)
				InitializePlatformSupportModulesInManaged (11ms)
				SetLoadedEditorAssemblies (0ms)
				RefreshPlugins (85ms)
				BeforeProcessingInitializeOnLoad (2ms)
				ProcessInitializeOnLoadAttributes (171ms)
				ProcessInitializeOnLoadMethodAttributes (52ms)
				AfterProcessingInitializeOnLoad (0ms)
				EditorAssembliesLoaded (0ms)
			ExecutionOrderSort2 (0ms)
			AwakeInstancesAfterBackupRestoration (0ms)
Platform modules already initialized, skipping
Registering precompiled user dll's ...
Registered in 0.014516 seconds.
Begin MonoManager ReloadAssembly
Native extension for WindowsStandalone target not found
Native extension for WebGL target not found
Refreshing native plugins compatible for Editor in 87.03 ms, found 3 plugins.
Preloading 0 native plugins for Editor in 0.00 ms.
Mono: successfully reloaded assembly
- Completed reload, in  3.042 seconds
Domain Reload Profiling:
	ReloadAssembly (3042ms)
		BeginReloadAssembly (292ms)
			ExecutionOrderSort (0ms)
			DisableScriptedObjects (7ms)
			BackupInstance (0ms)
			ReleaseScriptingObjects (0ms)
			CreateAndSetChildDomain (35ms)
		EndReloadAssembly (2634ms)
			LoadAssemblies (200ms)
			RebuildTransferFunctionScriptingTraits (0ms)
			SetupTypeCache (552ms)
			ReleaseScriptCaches (1ms)
			RebuildScriptCaches (94ms)
			SetupLoadedEditorAssemblies (1652ms)
				LogAssemblyErrors (0ms)
				InitializePlatformSupportModulesInManaged (138ms)
				SetLoadedEditorAssemblies (0ms)
				RefreshPlugins (87ms)
				BeforeProcessingInitializeOnLoad (122ms)
				ProcessInitializeOnLoadAttributes (1264ms)
				ProcessInitializeOnLoadMethodAttributes (25ms)
				AfterProcessingInitializeOnLoad (15ms)
				EditorAssembliesLoaded (0ms)
			ExecutionOrderSort2 (0ms)
			AwakeInstancesAfterBackupRestoration (12ms)
Platform modules already initialized, skipping
========================================================================
Worker process is ready to serve import requests
Launched and connected shader compiler UnityShaderCompiler.exe after 2.43 seconds
Refreshing native plugins compatible for Editor in 0.69 ms, found 3 plugins.
Preloading 0 native plugins for Editor in 0.00 ms.
Unloading 2481 Unused Serialized files (Serialized files now loaded: 0)
System memory in use before: 112.6 MB.
System memory in use after: 112.8 MB.

Unloading 30 unused Assets to reduce memory usage. Loaded Objects now: 2940.
Total: 5.479700 ms (FindLiveObjects: 0.307300 ms CreateObjectMapping: 0.208100 ms MarkObjects: 4.849600 ms  DeleteObjects: 0.112700 ms)

AssetImportParameters requested are different than current active one (requested -> active):
  custom:framework-win-MediaFoundation: 216162199b28c13a410421893ffa2e32 -> 
  custom:video-decoder-ogg-theora: a1e56fd34408186e4bbccfd4996cb3dc -> 
  custom:container-muxer-webm: aa71ff27fc2769a1b78a27578f13a17b -> 
  custom:container-demuxer-webm: 4f35f7cbe854078d1ac9338744f61a02 -> 
  custom:container-demuxer-ogg: 62fdf1f143b41e24485cea50d1cbac27 -> 
  custom:video-encoder-webm-vp8: eb34c28f22e8b96e1ab97ce403110664 -> 
  custom:video-decoder-webm-vp8: 9c59270c3fd7afecdb556c50c9e8de78 -> 
  custom:audio-decoder-ogg-vorbis: bf7c407c2cedff20999df2af8eb42d56 -> 
  custom:audio-encoder-webm-vorbis: bf7c407c2cedff20999df2af8eb42d56 -> 
========================================================================
Received Import Request.
  path: Assets/Enemy3/Bullet_green_L.prefab
  artifactKey: Guid(a9020ced1a006954695b3e588d1a2ab1) Importer(815301076,1909f56bfc062723c751e8b465ee728b)
Start importing Assets/Enemy3/Bullet_green_L.prefab using Guid(a9020ced1a006954695b3e588d1a2ab1) Importer(815301076,1909f56bfc062723c751e8b465ee728b)  -> (artifact id: '8d96fa417e5cd7b7302d8a80fb34e32f') in 0.426269 seconds 
========================================================================
Received Import Request.
  Time since last request: 0.000390 seconds.
  path: Assets/Enemy4/Bullet_red.prefab
  artifactKey: Guid(6f3a0bfda6d3f0f42be2bb043e4b447c) Importer(815301076,1909f56bfc062723c751e8b465ee728b)
Start importing Assets/Enemy4/Bullet_red.prefab using Guid(6f3a0bfda6d3f0f42be2bb043e4b447c) Importer(815301076,1909f56bfc062723c751e8b465ee728b)  -> (artifact id: '3c252d3e27b2a61b87d0ee8bba0d8810') in 0.023029 seconds 
========================================================================
Received Import Request.
  Time since last request: 0.000428 seconds.
  path: Assets/Enemy3/Enemy3.prefab
  artifactKey: Guid(ceb2674d5561b5b40a3d93f3707a342c) Importer(815301076,1909f56bfc062723c751e8b465ee728b)
Start importing Assets/Enemy3/Enemy3.prefab using Guid(ceb2674d5561b5b40a3d93f3707a342c) Importer(815301076,1909f56bfc062723c751e8b465ee728b) Asset 'Enemy3': Transition 'AnyState -> Idle' in state 'AnyState' doesn't have an Exit Time or any condition, transition will be ignored
UnityEngine.StackTraceUtility:ExtractStackTrace ()
UnityEditor.EditorUtility:Internal_InstantiateRemoveAllNonAnimationComponentsSingle (UnityEngine.Object,UnityEngine.Vector3,UnityEngine.Quaternion)
UnityEditor.EditorUtility:InstantiateRemoveAllNonAnimationComponents (UnityEngine.Object,UnityEngine.Vector3,UnityEngine.Quaternion)
UnityEditor.EditorUtility:InstantiateForAnimatorPreview (UnityEngine.Object)
UnityEditor.GameObjectInspector/PreviewData:UpdateGameObject (UnityEngine.Object)
UnityEditor.GameObjectInspector/PreviewData:.ctor (UnityEngine.Object)
UnityEditor.GameObjectInspector:GetPreviewData ()
UnityEditor.GameObjectInspector:RenderStaticPreview (string,UnityEngine.Object[],int,int)
UnityEditor.AssetPreviewUpdater:CreatePreview (UnityEngine.Object,UnityEngine.Object[],string,int,int)
UnityEditor.AssetPreviewUpdater:CreatePreviewForAsset (UnityEngine.Object,UnityEngine.Object[],string)

[C:\buildslave\unity\build\Editor/Src/Animation/StateMachine.cpp line 1847]

 -> (artifact id: '89d3ae0d234358787763651136151345') in 0.066610 seconds 
========================================================================
Received Import Request.
  Time since last request: 0.000389 seconds.
  path: Assets/Fonts/BetterTogether SDF.asset
  artifactKey: Guid(d7697a9c581e23d4fb7d14e497431914) Importer(815301076,1909f56bfc062723c751e8b465ee728b)
Start importing Assets/Fonts/BetterTogether SDF.asset using Guid(d7697a9c581e23d4fb7d14e497431914) Importer(815301076,1909f56bfc062723c751e8b465ee728b)  -> (artifact id: 'b51a3d49ddaf6e7e338a47611facd9ac') in 0.553724 seconds 
========================================================================
Received Import Request.
  Time since last request: 0.000332 seconds.
  path: Assets/assets_platformer/enemy3.png
  artifactKey: Guid(211e4fb16b8d9d24ead4f59a774fb204) Importer(815301076,1909f56bfc062723c751e8b465ee728b)
Start importing Assets/assets_platformer/enemy3.png using Guid(211e4fb16b8d9d24ead4f59a774fb204) Importer(815301076,1909f56bfc062723c751e8b465ee728b)  -> (artifact id: '5662a2520909c46c2f9acc88ba083a17') in 0.177634 seconds 
========================================================================
Received Import Request.
  Time since last request: 0.000358 seconds.
  path: Assets/assets_platformer/enemy1.png
  artifactKey: Guid(7bbe37e051a68924a9191652eb0b500f) Importer(815301076,1909f56bfc062723c751e8b465ee728b)
Start importing Assets/assets_platformer/enemy1.png using Guid(7bbe37e051a68924a9191652eb0b500f) Importer(815301076,1909f56bfc062723c751e8b465ee728b)  -> (artifact id: 'd77107dd177cce96854da22cb5f2f758') in 0.029656 seconds 
========================================================================
Received Import Request.
  Time since last request: 0.000376 seconds.
  path: Assets/Enemy3/Explosion.prefab
  artifactKey: Guid(710a09cf46fa4e04e92b32e13a182f69) Importer(815301076,1909f56bfc062723c751e8b465ee728b)
Start importing Assets/Enemy3/Explosion.prefab using Guid(710a09cf46fa4e04e92b32e13a182f69) Importer(815301076,1909f56bfc062723c751e8b465ee728b)  -> (artifact id: '17b515e03ef3cb11a0e418dada937cb6') in 0.015519 seconds 
========================================================================
Received Import Request.
  Time since last request: 0.000425 seconds.
  path: Assets/Enemy4/Scrap.prefab
  artifactKey: Guid(515ed0eecfc42d14db91ad87aeaf2fdf) Importer(815301076,1909f56bfc062723c751e8b465ee728b)
Start importing Assets/Enemy4/Scrap.prefab using Guid(515ed0eecfc42d14db91ad87aeaf2fdf) Importer(815301076,1909f56bfc062723c751e8b465ee728b)  -> (artifact id: '763156f5110f6491bb6a335639504fd3') in 0.015270 seconds 
========================================================================
Received Import Request.
  Time since last request: 0.000352 seconds.
  path: Assets/Enemy3/Bullet_green_R.prefab
  artifactKey: Guid(fe1fc8dda54fab242a036e45efb4491f) Importer(815301076,1909f56bfc062723c751e8b465ee728b)
Start importing Assets/Enemy3/Bullet_green_R.prefab using Guid(fe1fc8dda54fab242a036e45efb4491f) Importer(815301076,1909f56bfc062723c751e8b465ee728b)  -> (artifact id: '7f7bb739664d2048f50982bc90cc22e8') in 0.015911 seconds 
========================================================================
Received Import Request.
  Time since last request: 0.000425 seconds.
  path: Assets/Enemy4/Enemy4L.prefab
  artifactKey: Guid(0c5460ecb3153024fa114012112af496) Importer(815301076,1909f56bfc062723c751e8b465ee728b)
Start importing Assets/Enemy4/Enemy4L.prefab using Guid(0c5460ecb3153024fa114012112af496) Importer(815301076,1909f56bfc062723c751e8b465ee728b)  -> (artifact id: 'ac935d559f330c7d99b936caa6064411') in 0.023207 seconds 
========================================================================
Received Import Request.
  Time since last request: 0.000402 seconds.
  path: Assets/Enemy4/Enemy4R.prefab
  artifactKey: Guid(be45275813b88544dbba697c23827f24) Importer(815301076,1909f56bfc062723c751e8b465ee728b)
Start importing Assets/Enemy4/Enemy4R.prefab using Guid(be45275813b88544dbba697c23827f24) Importer(815301076,1909f56bfc062723c751e8b465ee728b)  -> (artifact id: 'a0e074829e1860504d46773352621e03') in 0.018377 seconds 
========================================================================
Received Import Request.
  Time since last request: 29.540506 seconds.
  path: Assets/Scritps/Repetir.cs
  artifactKey: Guid(a9aa5c136f979004f8be3051c34f5a7a) Importer(815301076,1909f56bfc062723c751e8b465ee728b)
Start importing Assets/Scritps/Repetir.cs using Guid(a9aa5c136f979004f8be3051c34f5a7a) Importer(815301076,1909f56bfc062723c751e8b465ee728b)  -> (artifact id: 'b7faa565cfbd40d32949fca33b677c5e') in 0.120330 seconds 
========================================================================
Received Import Request.
  Time since last request: 4.773251 seconds.
  path: Assets/Scritps/Megaman.cs
  artifactKey: Guid(ea42770297361574fbd618a3935d0d32) Importer(815301076,1909f56bfc062723c751e8b465ee728b)
Start importing Assets/Scritps/Megaman.cs using Guid(ea42770297361574fbd618a3935d0d32) Importer(815301076,1909f56bfc062723c751e8b465ee728b)  -> (artifact id: '2f698a73fd4557dc3422cf3a765d509e') in 0.004305 seconds 
========================================================================
Received Import Request.
  Time since last request: 1.958882 seconds.
  path: Assets/Scritps/EnemyTails.cs
  artifactKey: Guid(938c3e87101c16946b2a51ad6762fdb0) Importer(815301076,1909f56bfc062723c751e8b465ee728b)
Start importing Assets/Scritps/EnemyTails.cs using Guid(938c3e87101c16946b2a51ad6762fdb0) Importer(815301076,1909f56bfc062723c751e8b465ee728b)  -> (artifact id: 'c4644cc9225520736a4eda0880721dc0') in 0.005625 seconds 
========================================================================
Received Import Request.
  Time since last request: 0.662711 seconds.
  path: Assets/Scritps/Enemy.cs
  artifactKey: Guid(5bd46cc8cbbb49f4a8b2eca638a28fb8) Importer(815301076,1909f56bfc062723c751e8b465ee728b)
Start importing Assets/Scritps/Enemy.cs using Guid(5bd46cc8cbbb49f4a8b2eca638a28fb8) Importer(815301076,1909f56bfc062723c751e8b465ee728b)  -> (artifact id: '5e123572e6414f9e40fc84bcc892d3f9') in 0.006480 seconds 
========================================================================
Received Import Request.
  Time since last request: 0.000373 seconds.
  path: Assets/Scritps/Bullet.cs
  artifactKey: Guid(1036dd00a2ac01745bd1aaa7868e1762) Importer(815301076,1909f56bfc062723c751e8b465ee728b)
Start importing Assets/Scritps/Bullet.cs using Guid(1036dd00a2ac01745bd1aaa7868e1762) Importer(815301076,1909f56bfc062723c751e8b465ee728b)  -> (artifact id: 'e142101f9fd1d2e5bacf39263b5d676b') in 0.145146 seconds 
