Using pre-set license
Built from '2021.1/staging' branch; Version is '2021.1.18f1 (25bdc3efbc2d) revision 2473411'; Using compiler version '192528614'; Build Type 'Release'
OS: 'Windows 10 Home Single Language; OS build 19042.1348; Version 2009; 64bit' Language: 'es' Physical Memory: 12130 MB
BatchMode: 1, IsHumanControllingUs: 0, StartBugReporterOnCrash: 0, Is64bit: 1, IsPro: 0

COMMAND LINE ARGUMENTS:
C:\Program Files\Unity\Hub\Editor\2021.1.18f1\Editor\Unity.exe
-adb2
-batchMode
-noUpm
-name
AssetImportWorker0
-projectPath
C:/Users/Ozami/MegamanX-ProCorte2-main
-logFile
Logs/AssetImportWorker0.log
-srvPort
56288
Successfully changed project path to: C:/Users/Ozami/MegamanX-ProCorte2-main
C:/Users/Ozami/MegamanX-ProCorte2-main
Using Asset Import Pipeline V2.
Refreshing native plugins compatible for Editor in 83.56 ms, found 3 plugins.
Preloading 0 native plugins for Editor in 0.00 ms.
Initialize engine version: 2021.1.18f1 (25bdc3efbc2d)
[Subsystems] Discovering subsystems at path C:/Program Files/Unity/Hub/Editor/2021.1.18f1/Editor/Data/Resources/UnitySubsystems
[Subsystems] Discovering subsystems at path C:/Users/Ozami/MegamanX-ProCorte2-main/Assets
GfxDevice: creating device client; threaded=0; jobified=0
Direct3D:
    Version:  Direct3D 11.0 [level 11.1]
    Renderer: NVIDIA GeForce GTX 1050 (ID=0x1c8d)
    Vendor:   NVIDIA
    VRAM:     4019 MB
    Driver:   25.21.14.1972
Initialize mono
Mono path[0] = 'C:/Program Files/Unity/Hub/Editor/2021.1.18f1/Editor/Data/Managed'
Mono path[1] = 'C:/Program Files/Unity/Hub/Editor/2021.1.18f1/Editor/Data/MonoBleedingEdge/lib/mono/unityjit'
Mono config path = 'C:/Program Files/Unity/Hub/Editor/2021.1.18f1/Editor/Data/MonoBleedingEdge/etc'
Using monoOptions --debugger-agent=transport=dt_socket,embedding=1,server=y,suspend=n,address=127.0.0.1:56420
Begin MonoManager ReloadAssembly
Registering precompiled unity dll's ...
Register platform support module: C:/Program Files/Unity/Hub/Editor/2021.1.18f1/Editor/Data/PlaybackEngines/WebGLSupport/UnityEditor.WebGL.Extensions.dll
Register platform support module: C:/Program Files/Unity/Hub/Editor/2021.1.18f1/Editor/Data/PlaybackEngines/WindowsStandaloneSupport/UnityEditor.WindowsStandalone.Extensions.dll
Registered in 0.006222 seconds.
Native extension for WindowsStandalone target not found
Native extension for WebGL target not found
Refreshing native plugins compatible for Editor in 81.39 ms, found 3 plugins.
Preloading 0 native plugins for Editor in 0.00 ms.
Mono: successfully reloaded assembly
- Completed reload, in  2.901 seconds
Domain Reload Profiling:
	ReloadAssembly (2902ms)
		BeginReloadAssembly (136ms)
			ExecutionOrderSort (0ms)
			DisableScriptedObjects (0ms)
			BackupInstance (0ms)
			ReleaseScriptingObjects (0ms)
			CreateAndSetChildDomain (2ms)
		EndReloadAssembly (800ms)
			LoadAssemblies (131ms)
			RebuildTransferFunctionScriptingTraits (0ms)
			SetupTypeCache (316ms)
			ReleaseScriptCaches (0ms)
			RebuildScriptCaches (64ms)
			SetupLoadedEditorAssemblies (332ms)
				LogAssemblyErrors (0ms)
				InitializePlatformSupportModulesInManaged (12ms)
				SetLoadedEditorAssemblies (0ms)
				RefreshPlugins (82ms)
				BeforeProcessingInitializeOnLoad (3ms)
				ProcessInitializeOnLoadAttributes (178ms)
				ProcessInitializeOnLoadMethodAttributes (57ms)
				AfterProcessingInitializeOnLoad (0ms)
				EditorAssembliesLoaded (0ms)
			ExecutionOrderSort2 (0ms)
			AwakeInstancesAfterBackupRestoration (0ms)
Platform modules already initialized, skipping
Registering precompiled user dll's ...
Registered in 0.011239 seconds.
Begin MonoManager ReloadAssembly
Native extension for WindowsStandalone target not found
Native extension for WebGL target not found
Refreshing native plugins compatible for Editor in 77.66 ms, found 3 plugins.
Preloading 0 native plugins for Editor in 0.00 ms.
Mono: successfully reloaded assembly
- Completed reload, in  3.276 seconds
Domain Reload Profiling:
	ReloadAssembly (3277ms)
		BeginReloadAssembly (306ms)
			ExecutionOrderSort (0ms)
			DisableScriptedObjects (7ms)
			BackupInstance (0ms)
			ReleaseScriptingObjects (0ms)
			CreateAndSetChildDomain (36ms)
		EndReloadAssembly (2855ms)
			LoadAssemblies (205ms)
			RebuildTransferFunctionScriptingTraits (0ms)
			SetupTypeCache (576ms)
			ReleaseScriptCaches (1ms)
			RebuildScriptCaches (85ms)
			SetupLoadedEditorAssemblies (1818ms)
				LogAssemblyErrors (0ms)
				InitializePlatformSupportModulesInManaged (7ms)
				SetLoadedEditorAssemblies (0ms)
				RefreshPlugins (78ms)
				BeforeProcessingInitializeOnLoad (116ms)
				ProcessInitializeOnLoadAttributes (1573ms)
				ProcessInitializeOnLoadMethodAttributes (27ms)
				AfterProcessingInitializeOnLoad (16ms)
				EditorAssembliesLoaded (0ms)
			ExecutionOrderSort2 (0ms)
			AwakeInstancesAfterBackupRestoration (13ms)
Platform modules already initialized, skipping
========================================================================
Worker process is ready to serve import requests
Launched and connected shader compiler UnityShaderCompiler.exe after 0.08 seconds
Refreshing native plugins compatible for Editor in 0.61 ms, found 3 plugins.
Preloading 0 native plugins for Editor in 0.00 ms.
Unloading 2138 Unused Serialized files (Serialized files now loaded: 0)
System memory in use before: 96.0 MB.
System memory in use after: 96.1 MB.

Unloading 28 unused Assets to reduce memory usage. Loaded Objects now: 2590.
Total: 6.017600 ms (FindLiveObjects: 0.194700 ms CreateObjectMapping: 0.109700 ms MarkObjects: 5.613800 ms  DeleteObjects: 0.097600 ms)

AssetImportParameters requested are different than current active one (requested -> active):
  custom:framework-win-MediaFoundation: 216162199b28c13a410421893ffa2e32 -> 
  custom:video-decoder-ogg-theora: a1e56fd34408186e4bbccfd4996cb3dc -> 
  custom:container-muxer-webm: aa71ff27fc2769a1b78a27578f13a17b -> 
  custom:container-demuxer-webm: 4f35f7cbe854078d1ac9338744f61a02 -> 
  custom:container-demuxer-ogg: 62fdf1f143b41e24485cea50d1cbac27 -> 
  custom:video-encoder-webm-vp8: eb34c28f22e8b96e1ab97ce403110664 -> 
  custom:video-decoder-webm-vp8: 9c59270c3fd7afecdb556c50c9e8de78 -> 
  custom:audio-decoder-ogg-vorbis: bf7c407c2cedff20999df2af8eb42d56 -> 
  custom:audio-encoder-webm-vorbis: bf7c407c2cedff20999df2af8eb42d56 -> 
========================================================================
Received Import Request.
  path: Assets/Scenes/SampleScene.unity
  artifactKey: Guid(2cda990e2423bbf4892e6590ba056729) Importer(815301076,1909f56bfc062723c751e8b465ee728b)
Start importing Assets/Scenes/SampleScene.unity using Guid(2cda990e2423bbf4892e6590ba056729) Importer(815301076,1909f56bfc062723c751e8b465ee728b)  -> (artifact id: '66d4ce865fc45a41a80f9a22f6fe000c') in 0.020447 seconds 
========================================================================
Received Prepare
Registering precompiled user dll's ...
Registered in 0.011055 seconds.
Begin MonoManager ReloadAssembly
Native extension for WindowsStandalone target not found
Native extension for WebGL target not found
Refreshing native plugins compatible for Editor in 0.73 ms, found 3 plugins.
Preloading 0 native plugins for Editor in 0.00 ms.
Mono: successfully reloaded assembly
- Completed reload, in  3.652 seconds
Domain Reload Profiling:
	ReloadAssembly (3652ms)
		BeginReloadAssembly (242ms)
			ExecutionOrderSort (0ms)
			DisableScriptedObjects (12ms)
			BackupInstance (0ms)
			ReleaseScriptingObjects (0ms)
			CreateAndSetChildDomain (71ms)
		EndReloadAssembly (3280ms)
			LoadAssemblies (210ms)
			RebuildTransferFunctionScriptingTraits (0ms)
			SetupTypeCache (548ms)
			ReleaseScriptCaches (1ms)
			RebuildScriptCaches (95ms)
			SetupLoadedEditorAssemblies (2257ms)
				LogAssemblyErrors (0ms)
				InitializePlatformSupportModulesInManaged (13ms)
				SetLoadedEditorAssemblies (1ms)
				RefreshPlugins (1ms)
				BeforeProcessingInitializeOnLoad (115ms)
				ProcessInitializeOnLoadAttributes (2091ms)
				ProcessInitializeOnLoadMethodAttributes (19ms)
				AfterProcessingInitializeOnLoad (17ms)
				EditorAssembliesLoaded (0ms)
			ExecutionOrderSort2 (0ms)
			AwakeInstancesAfterBackupRestoration (19ms)
Platform modules already initialized, skipping
Refreshing native plugins compatible for Editor in 0.68 ms, found 3 plugins.
Preloading 0 native plugins for Editor in 0.00 ms.
Unloading 2128 Unused Serialized files (Serialized files now loaded: 0)
System memory in use before: 95.5 MB.
System memory in use after: 95.6 MB.

Unloading 16 unused Assets to reduce memory usage. Loaded Objects now: 2593.
Total: 5.430800 ms (FindLiveObjects: 0.208800 ms CreateObjectMapping: 0.125000 ms MarkObjects: 5.066000 ms  DeleteObjects: 0.026800 ms)

AssetImportParameters requested are different than current active one (requested -> active):
  custom:framework-win-MediaFoundation: 216162199b28c13a410421893ffa2e32 -> 
  custom:video-decoder-ogg-theora: a1e56fd34408186e4bbccfd4996cb3dc -> 
  custom:container-muxer-webm: aa71ff27fc2769a1b78a27578f13a17b -> 
  custom:container-demuxer-webm: 4f35f7cbe854078d1ac9338744f61a02 -> 
  custom:container-demuxer-ogg: 62fdf1f143b41e24485cea50d1cbac27 -> 
  custom:video-encoder-webm-vp8: eb34c28f22e8b96e1ab97ce403110664 -> 
  custom:video-decoder-webm-vp8: 9c59270c3fd7afecdb556c50c9e8de78 -> 
  custom:audio-decoder-ogg-vorbis: bf7c407c2cedff20999df2af8eb42d56 -> 
  custom:audio-encoder-webm-vorbis: bf7c407c2cedff20999df2af8eb42d56 -> 
========================================================================
Received Import Request.
  Time since last request: 1159.100168 seconds.
  path: Assets/Scenes/SampleScene.unity
  artifactKey: Guid(2cda990e2423bbf4892e6590ba056729) Importer(815301076,1909f56bfc062723c751e8b465ee728b)
Start importing Assets/Scenes/SampleScene.unity using Guid(2cda990e2423bbf4892e6590ba056729) Importer(815301076,1909f56bfc062723c751e8b465ee728b)  -> (artifact id: '65492afc57fdc28dcd7924092291179d') in 0.024116 seconds 
========================================================================
Received Prepare
Registering precompiled user dll's ...
Registered in 0.011271 seconds.
Begin MonoManager ReloadAssembly
Native extension for WindowsStandalone target not found
Native extension for WebGL target not found
Refreshing native plugins compatible for Editor in 0.77 ms, found 3 plugins.
Preloading 0 native plugins for Editor in 0.00 ms.
Mono: successfully reloaded assembly
- Completed reload, in  1.947 seconds
Domain Reload Profiling:
	ReloadAssembly (1947ms)
		BeginReloadAssembly (223ms)
			ExecutionOrderSort (0ms)
			DisableScriptedObjects (11ms)
			BackupInstance (0ms)
			ReleaseScriptingObjects (0ms)
			CreateAndSetChildDomain (61ms)
		EndReloadAssembly (1614ms)
			LoadAssemblies (198ms)
			RebuildTransferFunctionScriptingTraits (0ms)
			SetupTypeCache (534ms)
			ReleaseScriptCaches (1ms)
			RebuildScriptCaches (74ms)
			SetupLoadedEditorAssemblies (654ms)
				LogAssemblyErrors (0ms)
				InitializePlatformSupportModulesInManaged (10ms)
				SetLoadedEditorAssemblies (1ms)
				RefreshPlugins (1ms)
				BeforeProcessingInitializeOnLoad (106ms)
				ProcessInitializeOnLoadAttributes (504ms)
				ProcessInitializeOnLoadMethodAttributes (16ms)
				AfterProcessingInitializeOnLoad (17ms)
				EditorAssembliesLoaded (0ms)
			ExecutionOrderSort2 (0ms)
			AwakeInstancesAfterBackupRestoration (18ms)
Platform modules already initialized, skipping
Refreshing native plugins compatible for Editor in 0.75 ms, found 3 plugins.
Preloading 0 native plugins for Editor in 0.00 ms.
Unloading 2283 Unused Serialized files (Serialized files now loaded: 0)
System memory in use before: 101.1 MB.
System memory in use after: 101.3 MB.

Unloading 18 unused Assets to reduce memory usage. Loaded Objects now: 2749.
Total: 6.087100 ms (FindLiveObjects: 0.305500 ms CreateObjectMapping: 0.149300 ms MarkObjects: 5.552800 ms  DeleteObjects: 0.077000 ms)

AssetImportParameters requested are different than current active one (requested -> active):
  custom:framework-win-MediaFoundation: 216162199b28c13a410421893ffa2e32 -> 
  custom:video-decoder-ogg-theora: a1e56fd34408186e4bbccfd4996cb3dc -> 
  custom:container-muxer-webm: aa71ff27fc2769a1b78a27578f13a17b -> 
  custom:container-demuxer-webm: 4f35f7cbe854078d1ac9338744f61a02 -> 
  custom:container-demuxer-ogg: 62fdf1f143b41e24485cea50d1cbac27 -> 
  custom:video-encoder-webm-vp8: eb34c28f22e8b96e1ab97ce403110664 -> 
  custom:video-decoder-webm-vp8: 9c59270c3fd7afecdb556c50c9e8de78 -> 
  custom:audio-decoder-ogg-vorbis: bf7c407c2cedff20999df2af8eb42d56 -> 
  custom:audio-encoder-webm-vorbis: bf7c407c2cedff20999df2af8eb42d56 -> 
========================================================================
Received Prepare
Registering precompiled user dll's ...
Registered in 0.013363 seconds.
Begin MonoManager ReloadAssembly
Native extension for WindowsStandalone target not found
Native extension for WebGL target not found
Refreshing native plugins compatible for Editor in 1.04 ms, found 3 plugins.
Preloading 0 native plugins for Editor in 0.00 ms.
Mono: successfully reloaded assembly
- Completed reload, in  2.468 seconds
Domain Reload Profiling:
	ReloadAssembly (2468ms)
		BeginReloadAssembly (242ms)
			ExecutionOrderSort (0ms)
			DisableScriptedObjects (13ms)
			BackupInstance (0ms)
			ReleaseScriptingObjects (0ms)
			CreateAndSetChildDomain (64ms)
		EndReloadAssembly (2098ms)
			LoadAssemblies (219ms)
			RebuildTransferFunctionScriptingTraits (0ms)
			SetupTypeCache (595ms)
			ReleaseScriptCaches (2ms)
			RebuildScriptCaches (85ms)
			SetupLoadedEditorAssemblies (1025ms)
				LogAssemblyErrors (0ms)
				InitializePlatformSupportModulesInManaged (14ms)
				SetLoadedEditorAssemblies (1ms)
				RefreshPlugins (1ms)
				BeforeProcessingInitializeOnLoad (114ms)
				ProcessInitializeOnLoadAttributes (863ms)
				ProcessInitializeOnLoadMethodAttributes (15ms)
				AfterProcessingInitializeOnLoad (17ms)
				EditorAssembliesLoaded (0ms)
			ExecutionOrderSort2 (0ms)
			AwakeInstancesAfterBackupRestoration (20ms)
Platform modules already initialized, skipping
Refreshing native plugins compatible for Editor in 0.64 ms, found 3 plugins.
Preloading 0 native plugins for Editor in 0.00 ms.
Unloading 2282 Unused Serialized files (Serialized files now loaded: 0)
System memory in use before: 101.1 MB.
System memory in use after: 101.3 MB.

Unloading 18 unused Assets to reduce memory usage. Loaded Objects now: 2752.
Total: 6.636400 ms (FindLiveObjects: 0.248500 ms CreateObjectMapping: 0.163800 ms MarkObjects: 6.137900 ms  DeleteObjects: 0.083900 ms)

AssetImportParameters requested are different than current active one (requested -> active):
  custom:framework-win-MediaFoundation: 216162199b28c13a410421893ffa2e32 -> 
  custom:video-decoder-ogg-theora: a1e56fd34408186e4bbccfd4996cb3dc -> 
  custom:container-muxer-webm: aa71ff27fc2769a1b78a27578f13a17b -> 
  custom:container-demuxer-webm: 4f35f7cbe854078d1ac9338744f61a02 -> 
  custom:container-demuxer-ogg: 62fdf1f143b41e24485cea50d1cbac27 -> 
  custom:video-encoder-webm-vp8: eb34c28f22e8b96e1ab97ce403110664 -> 
  custom:video-decoder-webm-vp8: 9c59270c3fd7afecdb556c50c9e8de78 -> 
  custom:audio-decoder-ogg-vorbis: bf7c407c2cedff20999df2af8eb42d56 -> 
  custom:audio-encoder-webm-vorbis: bf7c407c2cedff20999df2af8eb42d56 -> 
========================================================================
Received Prepare
Registering precompiled user dll's ...
Registered in 0.010981 seconds.
Begin MonoManager ReloadAssembly
Native extension for WindowsStandalone target not found
Native extension for WebGL target not found
Refreshing native plugins compatible for Editor in 0.66 ms, found 3 plugins.
Preloading 0 native plugins for Editor in 0.00 ms.
Mono: successfully reloaded assembly
- Completed reload, in  1.813 seconds
Domain Reload Profiling:
	ReloadAssembly (1814ms)
		BeginReloadAssembly (197ms)
			ExecutionOrderSort (0ms)
			DisableScriptedObjects (11ms)
			BackupInstance (0ms)
			ReleaseScriptingObjects (0ms)
			CreateAndSetChildDomain (53ms)
		EndReloadAssembly (1512ms)
			LoadAssemblies (177ms)
			RebuildTransferFunctionScriptingTraits (0ms)
			SetupTypeCache (493ms)
			ReleaseScriptCaches (1ms)
			RebuildScriptCaches (76ms)
			SetupLoadedEditorAssemblies (620ms)
				LogAssemblyErrors (0ms)
				InitializePlatformSupportModulesInManaged (9ms)
				SetLoadedEditorAssemblies (2ms)
				RefreshPlugins (1ms)
				BeforeProcessingInitializeOnLoad (95ms)
				ProcessInitializeOnLoadAttributes (483ms)
				ProcessInitializeOnLoadMethodAttributes (16ms)
				AfterProcessingInitializeOnLoad (14ms)
				EditorAssembliesLoaded (0ms)
			ExecutionOrderSort2 (0ms)
			AwakeInstancesAfterBackupRestoration (18ms)
Platform modules already initialized, skipping
Refreshing native plugins compatible for Editor in 0.64 ms, found 3 plugins.
Preloading 0 native plugins for Editor in 0.00 ms.
Unloading 2282 Unused Serialized files (Serialized files now loaded: 0)
System memory in use before: 101.2 MB.
System memory in use after: 101.4 MB.

Unloading 18 unused Assets to reduce memory usage. Loaded Objects now: 2755.
Total: 5.732200 ms (FindLiveObjects: 0.429700 ms CreateObjectMapping: 0.238200 ms MarkObjects: 4.996300 ms  DeleteObjects: 0.066000 ms)

AssetImportParameters requested are different than current active one (requested -> active):
  custom:framework-win-MediaFoundation: 216162199b28c13a410421893ffa2e32 -> 
  custom:video-decoder-ogg-theora: a1e56fd34408186e4bbccfd4996cb3dc -> 
  custom:container-muxer-webm: aa71ff27fc2769a1b78a27578f13a17b -> 
  custom:container-demuxer-webm: 4f35f7cbe854078d1ac9338744f61a02 -> 
  custom:container-demuxer-ogg: 62fdf1f143b41e24485cea50d1cbac27 -> 
  custom:video-encoder-webm-vp8: eb34c28f22e8b96e1ab97ce403110664 -> 
  custom:video-decoder-webm-vp8: 9c59270c3fd7afecdb556c50c9e8de78 -> 
  custom:audio-decoder-ogg-vorbis: bf7c407c2cedff20999df2af8eb42d56 -> 
  custom:audio-encoder-webm-vorbis: bf7c407c2cedff20999df2af8eb42d56 -> 
========================================================================
Received Prepare
Registering precompiled user dll's ...
Registered in 0.011136 seconds.
Begin MonoManager ReloadAssembly
Native extension for WindowsStandalone target not found
Native extension for WebGL target not found
Refreshing native plugins compatible for Editor in 0.67 ms, found 3 plugins.
Preloading 0 native plugins for Editor in 0.00 ms.
Mono: successfully reloaded assembly
- Completed reload, in  1.743 seconds
Domain Reload Profiling:
	ReloadAssembly (1744ms)
		BeginReloadAssembly (199ms)
			ExecutionOrderSort (0ms)
			DisableScriptedObjects (9ms)
			BackupInstance (0ms)
			ReleaseScriptingObjects (0ms)
			CreateAndSetChildDomain (49ms)
		EndReloadAssembly (1444ms)
			LoadAssemblies (175ms)
			RebuildTransferFunctionScriptingTraits (0ms)
			SetupTypeCache (459ms)
			ReleaseScriptCaches (1ms)
			RebuildScriptCaches (70ms)
			SetupLoadedEditorAssemblies (600ms)
				LogAssemblyErrors (0ms)
				InitializePlatformSupportModulesInManaged (9ms)
				SetLoadedEditorAssemblies (2ms)
				RefreshPlugins (1ms)
				BeforeProcessingInitializeOnLoad (94ms)
				ProcessInitializeOnLoadAttributes (467ms)
				ProcessInitializeOnLoadMethodAttributes (12ms)
				AfterProcessingInitializeOnLoad (14ms)
				EditorAssembliesLoaded (0ms)
			ExecutionOrderSort2 (0ms)
			AwakeInstancesAfterBackupRestoration (16ms)
Platform modules already initialized, skipping
Refreshing native plugins compatible for Editor in 0.66 ms, found 3 plugins.
Preloading 0 native plugins for Editor in 0.00 ms.
Unloading 2282 Unused Serialized files (Serialized files now loaded: 0)
System memory in use before: 101.2 MB.
System memory in use after: 101.4 MB.

Unloading 18 unused Assets to reduce memory usage. Loaded Objects now: 2758.
Total: 4.958500 ms (FindLiveObjects: 0.249100 ms CreateObjectMapping: 0.141800 ms MarkObjects: 4.507800 ms  DeleteObjects: 0.058100 ms)

AssetImportParameters requested are different than current active one (requested -> active):
  custom:framework-win-MediaFoundation: 216162199b28c13a410421893ffa2e32 -> 
  custom:video-decoder-ogg-theora: a1e56fd34408186e4bbccfd4996cb3dc -> 
  custom:container-muxer-webm: aa71ff27fc2769a1b78a27578f13a17b -> 
  custom:container-demuxer-webm: 4f35f7cbe854078d1ac9338744f61a02 -> 
  custom:container-demuxer-ogg: 62fdf1f143b41e24485cea50d1cbac27 -> 
  custom:video-encoder-webm-vp8: eb34c28f22e8b96e1ab97ce403110664 -> 
  custom:video-decoder-webm-vp8: 9c59270c3fd7afecdb556c50c9e8de78 -> 
  custom:audio-decoder-ogg-vorbis: bf7c407c2cedff20999df2af8eb42d56 -> 
  custom:audio-encoder-webm-vorbis: bf7c407c2cedff20999df2af8eb42d56 -> 
========================================================================
Received Prepare
Registering precompiled user dll's ...
Registered in 0.011275 seconds.
Begin MonoManager ReloadAssembly
Native extension for WindowsStandalone target not found
Native extension for WebGL target not found
Refreshing native plugins compatible for Editor in 0.63 ms, found 3 plugins.
Preloading 0 native plugins for Editor in 0.00 ms.
Mono: successfully reloaded assembly
- Completed reload, in  1.840 seconds
Domain Reload Profiling:
	ReloadAssembly (1840ms)
		BeginReloadAssembly (197ms)
			ExecutionOrderSort (0ms)
			DisableScriptedObjects (10ms)
			BackupInstance (0ms)
			ReleaseScriptingObjects (0ms)
			CreateAndSetChildDomain (49ms)
		EndReloadAssembly (1542ms)
			LoadAssemblies (179ms)
			RebuildTransferFunctionScriptingTraits (0ms)
			SetupTypeCache (483ms)
			ReleaseScriptCaches (1ms)
			RebuildScriptCaches (72ms)
			SetupLoadedEditorAssemblies (654ms)
				LogAssemblyErrors (0ms)
				InitializePlatformSupportModulesInManaged (9ms)
				SetLoadedEditorAssemblies (2ms)
				RefreshPlugins (1ms)
				BeforeProcessingInitializeOnLoad (93ms)
				ProcessInitializeOnLoadAttributes (520ms)
				ProcessInitializeOnLoadMethodAttributes (15ms)
				AfterProcessingInitializeOnLoad (14ms)
				EditorAssembliesLoaded (0ms)
			ExecutionOrderSort2 (0ms)
			AwakeInstancesAfterBackupRestoration (17ms)
Platform modules already initialized, skipping
Refreshing native plugins compatible for Editor in 0.68 ms, found 3 plugins.
Preloading 0 native plugins for Editor in 0.00 ms.
Unloading 2282 Unused Serialized files (Serialized files now loaded: 0)
System memory in use before: 101.2 MB.
System memory in use after: 101.4 MB.

Unloading 18 unused Assets to reduce memory usage. Loaded Objects now: 2761.
Total: 5.801100 ms (FindLiveObjects: 0.239500 ms CreateObjectMapping: 0.134600 ms MarkObjects: 5.363000 ms  DeleteObjects: 0.062300 ms)

AssetImportParameters requested are different than current active one (requested -> active):
  custom:framework-win-MediaFoundation: 216162199b28c13a410421893ffa2e32 -> 
  custom:video-decoder-ogg-theora: a1e56fd34408186e4bbccfd4996cb3dc -> 
  custom:container-muxer-webm: aa71ff27fc2769a1b78a27578f13a17b -> 
  custom:container-demuxer-webm: 4f35f7cbe854078d1ac9338744f61a02 -> 
  custom:container-demuxer-ogg: 62fdf1f143b41e24485cea50d1cbac27 -> 
  custom:video-encoder-webm-vp8: eb34c28f22e8b96e1ab97ce403110664 -> 
  custom:video-decoder-webm-vp8: 9c59270c3fd7afecdb556c50c9e8de78 -> 
  custom:audio-decoder-ogg-vorbis: bf7c407c2cedff20999df2af8eb42d56 -> 
  custom:audio-encoder-webm-vorbis: bf7c407c2cedff20999df2af8eb42d56 -> 
========================================================================
Received Prepare
Registering precompiled user dll's ...
Registered in 0.010844 seconds.
Begin MonoManager ReloadAssembly
Native extension for WindowsStandalone target not found
Native extension for WebGL target not found
Refreshing native plugins compatible for Editor in 0.62 ms, found 3 plugins.
Preloading 0 native plugins for Editor in 0.00 ms.
Mono: successfully reloaded assembly
- Completed reload, in  1.844 seconds
Domain Reload Profiling:
	ReloadAssembly (1845ms)
		BeginReloadAssembly (204ms)
			ExecutionOrderSort (0ms)
			DisableScriptedObjects (10ms)
			BackupInstance (0ms)
			ReleaseScriptingObjects (0ms)
			CreateAndSetChildDomain (56ms)
		EndReloadAssembly (1538ms)
			LoadAssemblies (173ms)
			RebuildTransferFunctionScriptingTraits (0ms)
			SetupTypeCache (477ms)
			ReleaseScriptCaches (1ms)
			RebuildScriptCaches (72ms)
			SetupLoadedEditorAssemblies (664ms)
				LogAssemblyErrors (0ms)
				InitializePlatformSupportModulesInManaged (9ms)
				SetLoadedEditorAssemblies (2ms)
				RefreshPlugins (1ms)
				BeforeProcessingInitializeOnLoad (93ms)
				ProcessInitializeOnLoadAttributes (529ms)
				ProcessInitializeOnLoadMethodAttributes (15ms)
				AfterProcessingInitializeOnLoad (15ms)
				EditorAssembliesLoaded (0ms)
			ExecutionOrderSort2 (0ms)
			AwakeInstancesAfterBackupRestoration (24ms)
Platform modules already initialized, skipping
Refreshing native plugins compatible for Editor in 0.72 ms, found 3 plugins.
Preloading 0 native plugins for Editor in 0.00 ms.
Unloading 2282 Unused Serialized files (Serialized files now loaded: 0)
System memory in use before: 101.1 MB.
System memory in use after: 101.3 MB.

Unloading 18 unused Assets to reduce memory usage. Loaded Objects now: 2764.
Total: 4.946800 ms (FindLiveObjects: 0.251600 ms CreateObjectMapping: 0.157100 ms MarkObjects: 4.468300 ms  DeleteObjects: 0.068200 ms)

AssetImportParameters requested are different than current active one (requested -> active):
  custom:framework-win-MediaFoundation: 216162199b28c13a410421893ffa2e32 -> 
  custom:video-decoder-ogg-theora: a1e56fd34408186e4bbccfd4996cb3dc -> 
  custom:container-muxer-webm: aa71ff27fc2769a1b78a27578f13a17b -> 
  custom:container-demuxer-webm: 4f35f7cbe854078d1ac9338744f61a02 -> 
  custom:container-demuxer-ogg: 62fdf1f143b41e24485cea50d1cbac27 -> 
  custom:video-encoder-webm-vp8: eb34c28f22e8b96e1ab97ce403110664 -> 
  custom:video-decoder-webm-vp8: 9c59270c3fd7afecdb556c50c9e8de78 -> 
  custom:audio-decoder-ogg-vorbis: bf7c407c2cedff20999df2af8eb42d56 -> 
  custom:audio-encoder-webm-vorbis: bf7c407c2cedff20999df2af8eb42d56 -> 
========================================================================
Received Prepare
Registering precompiled user dll's ...
Registered in 0.014691 seconds.
Begin MonoManager ReloadAssembly
Native extension for WindowsStandalone target not found
Native extension for WebGL target not found
Refreshing native plugins compatible for Editor in 1.04 ms, found 3 plugins.
Preloading 0 native plugins for Editor in 0.00 ms.
Mono: successfully reloaded assembly
- Completed reload, in  2.909 seconds
Domain Reload Profiling:
	ReloadAssembly (2909ms)
		BeginReloadAssembly (316ms)
			ExecutionOrderSort (0ms)
			DisableScriptedObjects (12ms)
			BackupInstance (0ms)
			ReleaseScriptingObjects (0ms)
			CreateAndSetChildDomain (91ms)
		EndReloadAssembly (2463ms)
			LoadAssemblies (266ms)
			RebuildTransferFunctionScriptingTraits (0ms)
			SetupTypeCache (623ms)
			ReleaseScriptCaches (2ms)
			RebuildScriptCaches (90ms)
			SetupLoadedEditorAssemblies (1341ms)
				LogAssemblyErrors (0ms)
				InitializePlatformSupportModulesInManaged (11ms)
				SetLoadedEditorAssemblies (2ms)
				RefreshPlugins (1ms)
				BeforeProcessingInitializeOnLoad (205ms)
				ProcessInitializeOnLoadAttributes (1091ms)
				ProcessInitializeOnLoadMethodAttributes (12ms)
				AfterProcessingInitializeOnLoad (18ms)
				EditorAssembliesLoaded (0ms)
			ExecutionOrderSort2 (0ms)
			AwakeInstancesAfterBackupRestoration (22ms)
Platform modules already initialized, skipping
Refreshing native plugins compatible for Editor in 0.71 ms, found 3 plugins.
Preloading 0 native plugins for Editor in 0.00 ms.
Unloading 2282 Unused Serialized files (Serialized files now loaded: 0)
System memory in use before: 101.2 MB.
System memory in use after: 101.4 MB.

Unloading 18 unused Assets to reduce memory usage. Loaded Objects now: 2767.
Total: 8.272200 ms (FindLiveObjects: 1.100600 ms CreateObjectMapping: 0.326000 ms MarkObjects: 6.749400 ms  DeleteObjects: 0.092900 ms)

AssetImportParameters requested are different than current active one (requested -> active):
  custom:framework-win-MediaFoundation: 216162199b28c13a410421893ffa2e32 -> 
  custom:video-decoder-ogg-theora: a1e56fd34408186e4bbccfd4996cb3dc -> 
  custom:container-muxer-webm: aa71ff27fc2769a1b78a27578f13a17b -> 
  custom:container-demuxer-webm: 4f35f7cbe854078d1ac9338744f61a02 -> 
  custom:container-demuxer-ogg: 62fdf1f143b41e24485cea50d1cbac27 -> 
  custom:video-encoder-webm-vp8: eb34c28f22e8b96e1ab97ce403110664 -> 
  custom:video-decoder-webm-vp8: 9c59270c3fd7afecdb556c50c9e8de78 -> 
  custom:audio-decoder-ogg-vorbis: bf7c407c2cedff20999df2af8eb42d56 -> 
  custom:audio-encoder-webm-vorbis: bf7c407c2cedff20999df2af8eb42d56 -> 
========================================================================
Received Import Request.
  Time since last request: 1581.453221 seconds.
  path: Assets/Bullet ans/Bullet.prefab
  artifactKey: Guid(96e60b6f6bd23274b84d72e33d202f5e) Importer(815301076,1909f56bfc062723c751e8b465ee728b)
Start importing Assets/Bullet ans/Bullet.prefab using Guid(96e60b6f6bd23274b84d72e33d202f5e) Importer(815301076,1909f56bfc062723c751e8b465ee728b)  -> (artifact id: '6edb71a2fd47567046c01d3128d60d7d') in 0.299538 seconds 
========================================================================
Received Import Request.
  Time since last request: 0.288545 seconds.
  path: Assets/assets_platformer/bg_A.jpg
  artifactKey: Guid(92b102ff8699e8a459282fb1caaec67b) Importer(815301076,1909f56bfc062723c751e8b465ee728b)
Start importing Assets/assets_platformer/bg_A.jpg using Guid(92b102ff8699e8a459282fb1caaec67b) Importer(815301076,1909f56bfc062723c751e8b465ee728b)  -> (artifact id: 'afd117e62c26c2825aee1afab78e4340') in 0.320128 seconds 
========================================================================
Received Import Request.
  Time since last request: 0.000278 seconds.
  path: Assets/assets_platformer/hearts.png
  artifactKey: Guid(a26d0886d396921419260b053bbd26d0) Importer(815301076,1909f56bfc062723c751e8b465ee728b)
Start importing Assets/assets_platformer/hearts.png using Guid(a26d0886d396921419260b053bbd26d0) Importer(815301076,1909f56bfc062723c751e8b465ee728b)  -> (artifact id: 'ced472419f86692a65d0ddf0650d5e57') in 0.019640 seconds 
========================================================================
Received Import Request.
  Time since last request: 0.000411 seconds.
  path: Assets/assets_platformer/terrain_D.png
  artifactKey: Guid(f216761b15163e044808a8fa4d899f69) Importer(815301076,1909f56bfc062723c751e8b465ee728b)
Start importing Assets/assets_platformer/terrain_D.png using Guid(f216761b15163e044808a8fa4d899f69) Importer(815301076,1909f56bfc062723c751e8b465ee728b)  -> (artifact id: '674c4bf6548ed75dca62efb7d17b9982') in 0.106786 seconds 
========================================================================
Received Import Request.
  Time since last request: 0.000368 seconds.
  path: Assets/assets_platformer/terrain_A.png
  artifactKey: Guid(da2cd1993c212f94d98c1e673d95bc2f) Importer(815301076,1909f56bfc062723c751e8b465ee728b)
Start importing Assets/assets_platformer/terrain_A.png using Guid(da2cd1993c212f94d98c1e673d95bc2f) Importer(815301076,1909f56bfc062723c751e8b465ee728b)  -> (artifact id: '5bb7b09d5c6895b6823a4280a3f386b9') in 0.204446 seconds 
========================================================================
Received Import Request.
  Time since last request: 0.000336 seconds.
  path: Assets/assets_platformer/disparo.png
  artifactKey: Guid(e02fc5c6a942ca44a8dc7d766be7abaf) Importer(815301076,1909f56bfc062723c751e8b465ee728b)
Start importing Assets/assets_platformer/disparo.png using Guid(e02fc5c6a942ca44a8dc7d766be7abaf) Importer(815301076,1909f56bfc062723c751e8b465ee728b)  -> (artifact id: '94074a074bbaadcb23b07a2e21d53d45') in 0.023963 seconds 
========================================================================
Received Import Request.
  Time since last request: 0.000336 seconds.
  path: Assets/assets_platformer/bg_C.jpg
  artifactKey: Guid(b6dd26799ff698f4e9345b1805fb250b) Importer(815301076,1909f56bfc062723c751e8b465ee728b)
Start importing Assets/assets_platformer/bg_C.jpg using Guid(b6dd26799ff698f4e9345b1805fb250b) Importer(815301076,1909f56bfc062723c751e8b465ee728b)  -> (artifact id: 'ceba6b4c97ab6923a359836af4398d93') in 0.018763 seconds 
========================================================================
Received Import Request.
  Time since last request: 0.000361 seconds.
  path: Assets/assets_platformer/terrain_B.png
  artifactKey: Guid(703f3e0027ee2ac47b2bd8f20812693f) Importer(815301076,1909f56bfc062723c751e8b465ee728b)
Start importing Assets/assets_platformer/terrain_B.png using Guid(703f3e0027ee2ac47b2bd8f20812693f) Importer(815301076,1909f56bfc062723c751e8b465ee728b)  -> (artifact id: '5e83e9a21ddb4bebbbb38f032a8eea59') in 0.018403 seconds 
========================================================================
Received Import Request.
  Time since last request: 0.000269 seconds.
  path: Assets/assets_platformer/bg_D.jpg
  artifactKey: Guid(ee5c861ff2b331b4bac2690b76937595) Importer(815301076,1909f56bfc062723c751e8b465ee728b)
Start importing Assets/assets_platformer/bg_D.jpg using Guid(ee5c861ff2b331b4bac2690b76937595) Importer(815301076,1909f56bfc062723c751e8b465ee728b)  -> (artifact id: '0b73a39b8c10993d9dc6588193edf982') in 0.018336 seconds 
========================================================================
Received Import Request.
  Time since last request: 0.000388 seconds.
  path: Assets/assets_platformer/bg_B.jpg
  artifactKey: Guid(2fc79f2f92d403a459d25532b4f80484) Importer(815301076,1909f56bfc062723c751e8b465ee728b)
Start importing Assets/assets_platformer/bg_B.jpg using Guid(2fc79f2f92d403a459d25532b4f80484) Importer(815301076,1909f56bfc062723c751e8b465ee728b)  -> (artifact id: '9404dd053c07255d629f7162433e63c9') in 0.176586 seconds 
========================================================================
Received Import Request.
  Time since last request: 0.000373 seconds.
  path: Assets/assets_platformer/terrain_C.png
  artifactKey: Guid(9c1f4f813d502ef4887e83ecabe254f1) Importer(815301076,1909f56bfc062723c751e8b465ee728b)
Start importing Assets/assets_platformer/terrain_C.png using Guid(9c1f4f813d502ef4887e83ecabe254f1) Importer(815301076,1909f56bfc062723c751e8b465ee728b)  -> (artifact id: 'b147e4e7413205351c0d12698f1e0178') in 0.016417 seconds 
========================================================================
Received Import Request.
  Time since last request: 0.000466 seconds.
  path: Assets/assets_platformer/megaman.png
  artifactKey: Guid(ab98d6baf9be3fb4bb6c2829bcafa711) Importer(815301076,1909f56bfc062723c751e8b465ee728b)
Start importing Assets/assets_platformer/megaman.png using Guid(ab98d6baf9be3fb4bb6c2829bcafa711) Importer(815301076,1909f56bfc062723c751e8b465ee728b)  -> (artifact id: '6d602431cf79b31681fccf5fe8d7e7ef') in 0.143955 seconds 
========================================================================
Received Import Request.
  Time since last request: 93.308401 seconds.
  path: Assets/assets_platformer/explosion.png
  artifactKey: Guid(9e12cdc9b1c502d49867018a4b59c90d) Importer(815301076,1909f56bfc062723c751e8b465ee728b)
Start importing Assets/assets_platformer/explosion.png using Guid(9e12cdc9b1c502d49867018a4b59c90d) Importer(815301076,1909f56bfc062723c751e8b465ee728b)  -> (artifact id: '92d2bde84f6d9f2f6999b76442862a26') in 0.231005 seconds 
========================================================================
Received Import Request.
  Time since last request: 3.858080 seconds.
  path: Assets/assets_platformer/x_death.png
  artifactKey: Guid(d9b5fe5f24a83dc41830d3c22ff634f6) Importer(815301076,1909f56bfc062723c751e8b465ee728b)
Start importing Assets/assets_platformer/x_death.png using Guid(d9b5fe5f24a83dc41830d3c22ff634f6) Importer(815301076,1909f56bfc062723c751e8b465ee728b)  -> (artifact id: '9d478774ebfe7e71a7c1a4c3237c1218') in 0.018216 seconds 
========================================================================
Received Import Request.
  Time since last request: 9.396071 seconds.
  path: Assets/assets_platformer/Audios y disparo
  artifactKey: Guid(de69edf8133c31b4e880e92f0218fef3) Importer(815301076,1909f56bfc062723c751e8b465ee728b)
Start importing Assets/assets_platformer/Audios y disparo using Guid(de69edf8133c31b4e880e92f0218fef3) Importer(815301076,1909f56bfc062723c751e8b465ee728b)  -> (artifact id: '7c4f1d99b79470246db875836592e99c') in 0.004578 seconds 
========================================================================
Received Import Request.
  Time since last request: 0.018270 seconds.
  path: Assets/assets_platformer/Audios y disparo/bullet.wav
  artifactKey: Guid(f5f5e8bdbc92d5649b4000cd75dc14bc) Importer(815301076,1909f56bfc062723c751e8b465ee728b)
Start importing Assets/assets_platformer/Audios y disparo/bullet.wav using Guid(f5f5e8bdbc92d5649b4000cd75dc14bc) Importer(815301076,1909f56bfc062723c751e8b465ee728b)  -> (artifact id: '92c4fcba89625d8e815e664978e07807') in 0.381255 seconds 
========================================================================
Received Import Request.
  Time since last request: 0.000388 seconds.
  path: Assets/assets_platformer/Audios y disparo/death.wav
  artifactKey: Guid(6da299c3032da9341b7508141b8e6e9e) Importer(815301076,1909f56bfc062723c751e8b465ee728b)
Start importing Assets/assets_platformer/Audios y disparo/death.wav using Guid(6da299c3032da9341b7508141b8e6e9e) Importer(815301076,1909f56bfc062723c751e8b465ee728b)  -> (artifact id: 'dcb0923fdbfd6f5f3d441817d1f4962d') in 0.145354 seconds 
========================================================================
Received Import Request.
  Time since last request: 0.000408 seconds.
  path: Assets/assets_platformer/Audios y disparo/dash.wav
  artifactKey: Guid(b0220992bb848ef42bf71d42417e98d3) Importer(815301076,1909f56bfc062723c751e8b465ee728b)
Start importing Assets/assets_platformer/Audios y disparo/dash.wav using Guid(b0220992bb848ef42bf71d42417e98d3) Importer(815301076,1909f56bfc062723c751e8b465ee728b)  -> (artifact id: '2729de16b376ae4f32f202172bc58f82') in 0.119320 seconds 
========================================================================
Received Import Request.
  Time since last request: 0.000231 seconds.
  path: Assets/assets_platformer/Audios y disparo/jump.wav
  artifactKey: Guid(790f48d5902cdd648a66ade583e7f3ed) Importer(815301076,1909f56bfc062723c751e8b465ee728b)
Start importing Assets/assets_platformer/Audios y disparo/jump.wav using Guid(790f48d5902cdd648a66ade583e7f3ed) Importer(815301076,1909f56bfc062723c751e8b465ee728b)  -> (artifact id: '1e5e0f4b1f35dd9c1da08c1bae3cb6f0') in 0.076874 seconds 
========================================================================
Received Import Request.
  Time since last request: 0.000333 seconds.
  path: Assets/assets_platformer/Audios y disparo/Stage1.mp3
  artifactKey: Guid(15429824fdd8bdd4ba045c412f0dc7ba) Importer(815301076,1909f56bfc062723c751e8b465ee728b)
Start importing Assets/assets_platformer/Audios y disparo/Stage1.mp3 using Guid(15429824fdd8bdd4ba045c412f0dc7ba) Importer(815301076,1909f56bfc062723c751e8b465ee728b)  -> (artifact id: 'e1198dcd04a69d5de4c0d72dcf851d3d') in 0.077012 seconds 
========================================================================
Received Import Request.
  Time since last request: 0.000398 seconds.
  path: Assets/assets_platformer/Audios y disparo/enemy_death.wav
  artifactKey: Guid(81f9ad0a5f8dc844eb0ce3bfd78bd089) Importer(815301076,1909f56bfc062723c751e8b465ee728b)
Start importing Assets/assets_platformer/Audios y disparo/enemy_death.wav using Guid(81f9ad0a5f8dc844eb0ce3bfd78bd089) Importer(815301076,1909f56bfc062723c751e8b465ee728b)  -> (artifact id: 'fb3e7e7e8c25ba051c4ea10ad691eb78') in 0.103127 seconds 
========================================================================
Received Import Request.
  Time since last request: 0.000406 seconds.
  path: Assets/assets_platformer/Audios y disparo/energy1.wav
  artifactKey: Guid(f969f541f3a35b54a9842b19824c90b7) Importer(815301076,1909f56bfc062723c751e8b465ee728b)
Start importing Assets/assets_platformer/Audios y disparo/energy1.wav using Guid(f969f541f3a35b54a9842b19824c90b7) Importer(815301076,1909f56bfc062723c751e8b465ee728b)  -> (artifact id: '5c46b40dee7bb0358e192ea0bab19dd0') in 0.278390 seconds 
========================================================================
Received Import Request.
  Time since last request: 0.000365 seconds.
  path: Assets/assets_platformer/Audios y disparo/Stage2.mp3
  artifactKey: Guid(e1e47690f55adf043b117f97d1e34d2f) Importer(815301076,1909f56bfc062723c751e8b465ee728b)
Start importing Assets/assets_platformer/Audios y disparo/Stage2.mp3 using Guid(e1e47690f55adf043b117f97d1e34d2f) Importer(815301076,1909f56bfc062723c751e8b465ee728b)  -> (artifact id: '1a5e32f84e83b858ccc124d79157c3d9') in 0.109441 seconds 
========================================================================
Received Import Request.
  Time since last request: 0.000329 seconds.
  path: Assets/assets_platformer/Audios y disparo/energy2.wav
  artifactKey: Guid(a549379f8d6f72e49b36946dbd4a78f7) Importer(815301076,1909f56bfc062723c751e8b465ee728b)
Start importing Assets/assets_platformer/Audios y disparo/energy2.wav using Guid(a549379f8d6f72e49b36946dbd4a78f7) Importer(815301076,1909f56bfc062723c751e8b465ee728b)  -> (artifact id: '69f881bd755a1903c76ef3f86f4ca9f0') in 0.660424 seconds 
========================================================================
Received Import Request.
  Time since last request: 0.000299 seconds.
  path: Assets/assets_platformer/Audios y disparo/landing.wav
  artifactKey: Guid(c3f19465a5227e948ace88b82bf4ea49) Importer(815301076,1909f56bfc062723c751e8b465ee728b)
Start importing Assets/assets_platformer/Audios y disparo/landing.wav using Guid(c3f19465a5227e948ace88b82bf4ea49) Importer(815301076,1909f56bfc062723c751e8b465ee728b)  -> (artifact id: '4df2dea125217379de3f5d323e251816') in 0.297694 seconds 
========================================================================
Received Import Request.
  Time since last request: 0.000326 seconds.
  path: Assets/assets_platformer/Audios y disparo/enter.wav
  artifactKey: Guid(5a9f8aeca498c8a42bbef950e972f47f) Importer(815301076,1909f56bfc062723c751e8b465ee728b)
Start importing Assets/assets_platformer/Audios y disparo/enter.wav using Guid(5a9f8aeca498c8a42bbef950e972f47f) Importer(815301076,1909f56bfc062723c751e8b465ee728b)  -> (artifact id: '16eeefe8aabed79850bc9b0777fd02d7') in 0.058196 seconds 
========================================================================
Received Import Request.
  Time since last request: 4.823262 seconds.
  path: Assets/Tiles/Background.prefab
  artifactKey: Guid(92402a7452b9911489146b06dfeacacb) Importer(815301076,1909f56bfc062723c751e8b465ee728b)
Start importing Assets/Tiles/Background.prefab using Guid(92402a7452b9911489146b06dfeacacb) Importer(815301076,1909f56bfc062723c751e8b465ee728b)  -> (artifact id: '6fd7c51c7e6462b879660b22e8ec7c3d') in 0.052393 seconds 
========================================================================
Received Import Request.
  Time since last request: 0.000466 seconds.
  path: Assets/Tiles/terrain_A_6.asset
  artifactKey: Guid(fb710cf263952a344938326ff8898a03) Importer(815301076,1909f56bfc062723c751e8b465ee728b)
Start importing Assets/Tiles/terrain_A_6.asset using Guid(fb710cf263952a344938326ff8898a03) Importer(815301076,1909f56bfc062723c751e8b465ee728b)  -> (artifact id: '46e193235f09f7def9b2ae541a747bb1') in 0.133918 seconds 
========================================================================
Received Import Request.
  Time since last request: 0.000397 seconds.
  path: Assets/Tiles/terrain_A_11.asset
  artifactKey: Guid(4b7c92ae7f9a49840b03b5c3cd28eb20) Importer(815301076,1909f56bfc062723c751e8b465ee728b)
Start importing Assets/Tiles/terrain_A_11.asset using Guid(4b7c92ae7f9a49840b03b5c3cd28eb20) Importer(815301076,1909f56bfc062723c751e8b465ee728b)  -> (artifact id: '5d267c88e2e00d22f7e2017301423855') in 0.054526 seconds 
========================================================================
Received Import Request.
  Time since last request: 0.000421 seconds.
  path: Assets/Tiles/terrain_A_16.asset
  artifactKey: Guid(47a71abc41ae3604d872181660c03310) Importer(815301076,1909f56bfc062723c751e8b465ee728b)
Start importing Assets/Tiles/terrain_A_16.asset using Guid(47a71abc41ae3604d872181660c03310) Importer(815301076,1909f56bfc062723c751e8b465ee728b)  -> (artifact id: '593e8abcd3b9a98138e98edd2dd12a80') in 0.023840 seconds 
========================================================================
Received Import Request.
  Time since last request: 0.000486 seconds.
  path: Assets/Tiles/terrain_A_3.asset
  artifactKey: Guid(76dce3f005697c84cb0948199783ec1b) Importer(815301076,1909f56bfc062723c751e8b465ee728b)
Start importing Assets/Tiles/terrain_A_3.asset using Guid(76dce3f005697c84cb0948199783ec1b) Importer(815301076,1909f56bfc062723c751e8b465ee728b)  -> (artifact id: 'cc26883908a98132c53b75ea455d5a66') in 0.178018 seconds 
========================================================================
Received Import Request.
  Time since last request: 0.000630 seconds.
  path: Assets/Tiles/terrain_A_12.asset
  artifactKey: Guid(2c96a31541a2e6e4ab0b9d78b641edc2) Importer(815301076,1909f56bfc062723c751e8b465ee728b)
Start importing Assets/Tiles/terrain_A_12.asset using Guid(2c96a31541a2e6e4ab0b9d78b641edc2) Importer(815301076,1909f56bfc062723c751e8b465ee728b)  -> (artifact id: '2a39470d770ed0a3a39d46b7299976e2') in 0.053643 seconds 
========================================================================
Received Import Request.
  Time since last request: 0.000332 seconds.
  path: Assets/Tiles/terrain_A_21.asset
  artifactKey: Guid(a36e693c9ee02114cb1232971c6c00eb) Importer(815301076,1909f56bfc062723c751e8b465ee728b)
Start importing Assets/Tiles/terrain_A_21.asset using Guid(a36e693c9ee02114cb1232971c6c00eb) Importer(815301076,1909f56bfc062723c751e8b465ee728b)  -> (artifact id: 'ab9b6fb4cf81d190947d4222ffda234f') in 0.149156 seconds 
========================================================================
Received Import Request.
  Time since last request: 0.000578 seconds.
  path: Assets/Tiles/terrain_A_22.asset
  artifactKey: Guid(afeeb0b206d45c745a3356a828509617) Importer(815301076,1909f56bfc062723c751e8b465ee728b)
Start importing Assets/Tiles/terrain_A_22.asset using Guid(afeeb0b206d45c745a3356a828509617) Importer(815301076,1909f56bfc062723c751e8b465ee728b)  -> (artifact id: 'a07932b6c4645e1ab02ddf884c080fb1') in 0.047251 seconds 
========================================================================
Received Import Request.
  Time since last request: 0.000387 seconds.
  path: Assets/Tiles/terrain_A_15.asset
  artifactKey: Guid(6ebb311ce9b21a84088989fa582b2c97) Importer(815301076,1909f56bfc062723c751e8b465ee728b)
Start importing Assets/Tiles/terrain_A_15.asset using Guid(6ebb311ce9b21a84088989fa582b2c97) Importer(815301076,1909f56bfc062723c751e8b465ee728b)  -> (artifact id: '2bf17a00f322f739063d2edd90ddef3a') in 0.059185 seconds 
========================================================================
Received Import Request.
  Time since last request: 0.000387 seconds.
  path: Assets/Tiles/terrain_A_10.asset
  artifactKey: Guid(7fc9f43a19524d64593392c6c3a61fda) Importer(815301076,1909f56bfc062723c751e8b465ee728b)
Start importing Assets/Tiles/terrain_A_10.asset using Guid(7fc9f43a19524d64593392c6c3a61fda) Importer(815301076,1909f56bfc062723c751e8b465ee728b)  -> (artifact id: 'ad4edfd02fe189291ccd80339e444b9f') in 0.047512 seconds 
========================================================================
Received Import Request.
  Time since last request: 0.000336 seconds.
  path: Assets/Tiles/terrain_A_24.asset
  artifactKey: Guid(b74c03772d19dd642b87413ff5ad4505) Importer(815301076,1909f56bfc062723c751e8b465ee728b)
Start importing Assets/Tiles/terrain_A_24.asset using Guid(b74c03772d19dd642b87413ff5ad4505) Importer(815301076,1909f56bfc062723c751e8b465ee728b)  -> (artifact id: '3ba39cbebb5f30797f5647be65da8f79') in 0.020060 seconds 
========================================================================
Received Import Request.
  Time since last request: 0.000411 seconds.
  path: Assets/Tiles/terrain_A_1.asset
  artifactKey: Guid(8c5d7efcfe665bf49ac88d5af56c87d6) Importer(815301076,1909f56bfc062723c751e8b465ee728b)
Start importing Assets/Tiles/terrain_A_1.asset using Guid(8c5d7efcfe665bf49ac88d5af56c87d6) Importer(815301076,1909f56bfc062723c751e8b465ee728b)  -> (artifact id: '22df2f16933be800e7cf794b214d0273') in 0.012303 seconds 
========================================================================
Received Import Request.
  Time since last request: 0.000405 seconds.
  path: Assets/Tiles/terrain_A_23.asset
  artifactKey: Guid(0e85d3ab96b3daa4480edd2148b34148) Importer(815301076,1909f56bfc062723c751e8b465ee728b)
Start importing Assets/Tiles/terrain_A_23.asset using Guid(0e85d3ab96b3daa4480edd2148b34148) Importer(815301076,1909f56bfc062723c751e8b465ee728b)  -> (artifact id: '0d77f16d6c1daf9019201b49dad7aecf') in 0.023452 seconds 
========================================================================
Received Import Request.
  Time since last request: 0.000550 seconds.
  path: Assets/Tiles/terrain_A_4.asset
  artifactKey: Guid(e47454adb7d8e5b4a85d8f2e2f0b6c0f) Importer(815301076,1909f56bfc062723c751e8b465ee728b)
Start importing Assets/Tiles/terrain_A_4.asset using Guid(e47454adb7d8e5b4a85d8f2e2f0b6c0f) Importer(815301076,1909f56bfc062723c751e8b465ee728b)  -> (artifact id: 'ba64a1042ac6f1fda41fb46159d3c191') in 0.021226 seconds 
========================================================================
Received Import Request.
  Time since last request: 0.000402 seconds.
  path: Assets/Tiles/terrain_A_13.asset
  artifactKey: Guid(60a37678cb7c1f34da4436df170a8e47) Importer(815301076,1909f56bfc062723c751e8b465ee728b)
Start importing Assets/Tiles/terrain_A_13.asset using Guid(60a37678cb7c1f34da4436df170a8e47) Importer(815301076,1909f56bfc062723c751e8b465ee728b)  -> (artifact id: '820d5efd795390fac5fbfcd765fe0236') in 0.088338 seconds 
========================================================================
Received Import Request.
  Time since last request: 0.000386 seconds.
  path: Assets/Tiles/terrain_A_19.asset
  artifactKey: Guid(ae9fa02ef6b6de84a96889a6fa5e2dbd) Importer(815301076,1909f56bfc062723c751e8b465ee728b)
Start importing Assets/Tiles/terrain_A_19.asset using Guid(ae9fa02ef6b6de84a96889a6fa5e2dbd) Importer(815301076,1909f56bfc062723c751e8b465ee728b)  -> (artifact id: 'ebcc1e431547e235b3d4f43911bf60ab') in 0.069456 seconds 
========================================================================
Received Import Request.
  Time since last request: 0.000638 seconds.
  path: Assets/Tiles/terrain_A_9.asset
  artifactKey: Guid(1aa17d5a68c6d8d45967e9acd74ff034) Importer(815301076,1909f56bfc062723c751e8b465ee728b)
Start importing Assets/Tiles/terrain_A_9.asset using Guid(1aa17d5a68c6d8d45967e9acd74ff034) Importer(815301076,1909f56bfc062723c751e8b465ee728b)  -> (artifact id: '404b3d1844b653081daa15b2c8cf0f6c') in 0.033660 seconds 
========================================================================
Received Import Request.
  Time since last request: 0.000356 seconds.
  path: Assets/Tiles/terrain_A_2.asset
  artifactKey: Guid(3f7b5ce05c4d1754891be7508541c568) Importer(815301076,1909f56bfc062723c751e8b465ee728b)
Start importing Assets/Tiles/terrain_A_2.asset using Guid(3f7b5ce05c4d1754891be7508541c568) Importer(815301076,1909f56bfc062723c751e8b465ee728b)  -> (artifact id: 'e7e7caf59cc5ac6c2d2987ec959875a6') in 0.059175 seconds 
========================================================================
Received Import Request.
  Time since last request: 0.000357 seconds.
  path: Assets/Tiles/terrain_A_7.asset
  artifactKey: Guid(a3021614153480d479d4d0deebbb79c9) Importer(815301076,1909f56bfc062723c751e8b465ee728b)
Start importing Assets/Tiles/terrain_A_7.asset using Guid(a3021614153480d479d4d0deebbb79c9) Importer(815301076,1909f56bfc062723c751e8b465ee728b)  -> (artifact id: '5a150c5bf7244a27c4b26eafc38b4443') in 0.086736 seconds 
========================================================================
Received Import Request.
  Time since last request: 0.000481 seconds.
  path: Assets/Tiles/Plataforma.asset
  artifactKey: Guid(bbddfb9b1ba84154b959dfc555ed82c8) Importer(815301076,1909f56bfc062723c751e8b465ee728b)
Start importing Assets/Tiles/Plataforma.asset using Guid(bbddfb9b1ba84154b959dfc555ed82c8) Importer(815301076,1909f56bfc062723c751e8b465ee728b)  -> (artifact id: '93c04ae49655264b1df0535b8147a4d5') in 0.040711 seconds 
========================================================================
Received Import Request.
  Time since last request: 0.000400 seconds.
  path: Assets/Tiles/terrain_A_0.asset
  artifactKey: Guid(abfd27ee4ac9e764aa61963dc5b1bae6) Importer(815301076,1909f56bfc062723c751e8b465ee728b)
Start importing Assets/Tiles/terrain_A_0.asset using Guid(abfd27ee4ac9e764aa61963dc5b1bae6) Importer(815301076,1909f56bfc062723c751e8b465ee728b)  -> (artifact id: '1cb3e64006d2c0877aa9b9594dc56b55') in 0.048960 seconds 
========================================================================
Received Import Request.
  Time since last request: 0.000401 seconds.
  path: Assets/Tiles/terrain_A_8.asset
  artifactKey: Guid(c1dbe8f3c9a8ace45adace9db8a26ebf) Importer(815301076,1909f56bfc062723c751e8b465ee728b)
Start importing Assets/Tiles/terrain_A_8.asset using Guid(c1dbe8f3c9a8ace45adace9db8a26ebf) Importer(815301076,1909f56bfc062723c751e8b465ee728b)  -> (artifact id: '416d263b71825e4e047565f4f0d73bda') in 0.068662 seconds 
========================================================================
Received Import Request.
  Time since last request: 0.000395 seconds.
  path: Assets/Tiles/bg_B.asset
  artifactKey: Guid(b2e68eaa3e28a25429a603a5937288ba) Importer(815301076,1909f56bfc062723c751e8b465ee728b)
Start importing Assets/Tiles/bg_B.asset using Guid(b2e68eaa3e28a25429a603a5937288ba) Importer(815301076,1909f56bfc062723c751e8b465ee728b)  -> (artifact id: '94405302bbeb38d145c45bd3a7f7c86c') in 0.014328 seconds 
========================================================================
Received Import Request.
  Time since last request: 0.000354 seconds.
  path: Assets/Tiles/terrain_A_20.asset
  artifactKey: Guid(2418fffde36186a44a96df55762985ee) Importer(815301076,1909f56bfc062723c751e8b465ee728b)
Start importing Assets/Tiles/terrain_A_20.asset using Guid(2418fffde36186a44a96df55762985ee) Importer(815301076,1909f56bfc062723c751e8b465ee728b)  -> (artifact id: 'd20a0324e1f260f6c36665bba7d03537') in 0.046689 seconds 
========================================================================
Received Import Request.
  Time since last request: 0.000423 seconds.
  path: Assets/Tiles/terrain_A_17.asset
  artifactKey: Guid(ecf9f44c9edc6b84888101a624722fb8) Importer(815301076,1909f56bfc062723c751e8b465ee728b)
Start importing Assets/Tiles/terrain_A_17.asset using Guid(ecf9f44c9edc6b84888101a624722fb8) Importer(815301076,1909f56bfc062723c751e8b465ee728b)  -> (artifact id: 'b0c8f8d81cdf3cac1dcf37e36ed74700') in 0.064925 seconds 
========================================================================
Received Import Request.
  Time since last request: 0.000620 seconds.
  path: Assets/Tiles/terrain_A_14.asset
  artifactKey: Guid(0d9d100528cb71a42bc344a045255fef) Importer(815301076,1909f56bfc062723c751e8b465ee728b)
Start importing Assets/Tiles/terrain_A_14.asset using Guid(0d9d100528cb71a42bc344a045255fef) Importer(815301076,1909f56bfc062723c751e8b465ee728b)  -> (artifact id: '338c43ccefe40b7eb66548f7af1d6717') in 0.068181 seconds 
========================================================================
Received Import Request.
  Time since last request: 0.000402 seconds.
  path: Assets/Tiles/terrain_A_5.asset
  artifactKey: Guid(1ae85036411f9114fa3d5f8dbd119113) Importer(815301076,1909f56bfc062723c751e8b465ee728b)
Start importing Assets/Tiles/terrain_A_5.asset using Guid(1ae85036411f9114fa3d5f8dbd119113) Importer(815301076,1909f56bfc062723c751e8b465ee728b)  -> (artifact id: 'd683e419ec54c67b36e4a1a9cd065d09') in 0.060244 seconds 
========================================================================
Received Import Request.
  Time since last request: 0.000472 seconds.
  path: Assets/Tiles/Nivel.prefab
  artifactKey: Guid(58910f270623eb44aa0d9e09ce558eb5) Importer(815301076,1909f56bfc062723c751e8b465ee728b)
Start importing Assets/Tiles/Nivel.prefab using Guid(58910f270623eb44aa0d9e09ce558eb5) Importer(815301076,1909f56bfc062723c751e8b465ee728b)  -> (artifact id: 'c54a4dde6f6778a8dac151804ec285cd') in 4.017568 seconds 
========================================================================
Received Import Request.
  Time since last request: 0.000399 seconds.
  path: Assets/Tiles/terrain_A_29.asset
  artifactKey: Guid(c647e3b837d91394c80bad52464cae3b) Importer(815301076,1909f56bfc062723c751e8b465ee728b)
Start importing Assets/Tiles/terrain_A_29.asset using Guid(c647e3b837d91394c80bad52464cae3b) Importer(815301076,1909f56bfc062723c751e8b465ee728b)  -> (artifact id: '7e945a718322f2e7161228f1b6199314') in 0.010354 seconds 
========================================================================
Received Import Request.
  Time since last request: 0.000345 seconds.
  path: Assets/Tiles/terrain_A_31.asset
  artifactKey: Guid(051e52fe9d993d645834e271c3dbf684) Importer(815301076,1909f56bfc062723c751e8b465ee728b)
Start importing Assets/Tiles/terrain_A_31.asset using Guid(051e52fe9d993d645834e271c3dbf684) Importer(815301076,1909f56bfc062723c751e8b465ee728b)  -> (artifact id: '3ee6d768d8e329fb04ae61fed1e8d03a') in 0.011214 seconds 
========================================================================
Received Import Request.
  Time since last request: 0.000339 seconds.
  path: Assets/Tiles/terrain_A_26.asset
  artifactKey: Guid(e42e38395c3b5f74f9b50ba132bd8922) Importer(815301076,1909f56bfc062723c751e8b465ee728b)
Start importing Assets/Tiles/terrain_A_26.asset using Guid(e42e38395c3b5f74f9b50ba132bd8922) Importer(815301076,1909f56bfc062723c751e8b465ee728b)  -> (artifact id: '822fc134549ec2596ce3031a5b2f41f3') in 0.012165 seconds 
========================================================================
Received Import Request.
  Time since last request: 0.000594 seconds.
  path: Assets/Tiles/terrain_A_25.asset
  artifactKey: Guid(722e82d94877fc24187ee70985504c04) Importer(815301076,1909f56bfc062723c751e8b465ee728b)
Start importing Assets/Tiles/terrain_A_25.asset using Guid(722e82d94877fc24187ee70985504c04) Importer(815301076,1909f56bfc062723c751e8b465ee728b)  -> (artifact id: '020d254ebcd2a3bac7c42def5d501411') in 0.010409 seconds 
========================================================================
Received Import Request.
  Time since last request: 0.000375 seconds.
  path: Assets/Tiles/terrain_A_30.asset
  artifactKey: Guid(27bd26093efd37f45b055c5a4e8a1529) Importer(815301076,1909f56bfc062723c751e8b465ee728b)
Start importing Assets/Tiles/terrain_A_30.asset using Guid(27bd26093efd37f45b055c5a4e8a1529) Importer(815301076,1909f56bfc062723c751e8b465ee728b)  -> (artifact id: '3b4a94f775eec6bd560a8065b31894fe') in 0.009909 seconds 
========================================================================
Received Import Request.
  Time since last request: 0.000548 seconds.
  path: Assets/Tiles/terrain_A_27.asset
  artifactKey: Guid(672821e7fc245e042ba6c0700d4a95e8) Importer(815301076,1909f56bfc062723c751e8b465ee728b)
Start importing Assets/Tiles/terrain_A_27.asset using Guid(672821e7fc245e042ba6c0700d4a95e8) Importer(815301076,1909f56bfc062723c751e8b465ee728b)  -> (artifact id: '0093d3d33f6bc5bf9afbdc55c9ce8c1e') in 0.010162 seconds 
========================================================================
Received Import Request.
  Time since last request: 0.000363 seconds.
  path: Assets/Tiles/terrain_A_18.asset
  artifactKey: Guid(cc247b18a3933f146b3d60f491ba8f3a) Importer(815301076,1909f56bfc062723c751e8b465ee728b)
Start importing Assets/Tiles/terrain_A_18.asset using Guid(cc247b18a3933f146b3d60f491ba8f3a) Importer(815301076,1909f56bfc062723c751e8b465ee728b)  -> (artifact id: '0fa61954e7520dc87ad0d1c9315d909b') in 0.010303 seconds 
========================================================================
Received Import Request.
  Time since last request: 0.000412 seconds.
  path: Assets/Tiles/terrain_A_28.asset
  artifactKey: Guid(8370c2dc33692364698dd9ebfa2c28a9) Importer(815301076,1909f56bfc062723c751e8b465ee728b)
Start importing Assets/Tiles/terrain_A_28.asset using Guid(8370c2dc33692364698dd9ebfa2c28a9) Importer(815301076,1909f56bfc062723c751e8b465ee728b)  -> (artifact id: '12936b67507d182db987177d57353db3') in 0.013195 seconds 
========================================================================
Received Import Request.
  Time since last request: 61.176750 seconds.
  path: Assets/assets_platformer/enemy1.png
  artifactKey: Guid(7bbe37e051a68924a9191652eb0b500f) Importer(815301076,1909f56bfc062723c751e8b465ee728b)
Start importing Assets/assets_platformer/enemy1.png using Guid(7bbe37e051a68924a9191652eb0b500f) Importer(815301076,1909f56bfc062723c751e8b465ee728b)  -> (artifact id: '290f275bc61bdd091e48b42d5c045f7a') in 0.132023 seconds 
========================================================================
Received Import Request.
  Time since last request: 0.000283 seconds.
  path: Assets/assets_platformer/enemy2.png
  artifactKey: Guid(8547ea2af8afa894399c1e01ca986ebf) Importer(815301076,1909f56bfc062723c751e8b465ee728b)
Start importing Assets/assets_platformer/enemy2.png using Guid(8547ea2af8afa894399c1e01ca986ebf) Importer(815301076,1909f56bfc062723c751e8b465ee728b)  -> (artifact id: 'ef6c9694c71b6e70451944f34966896c') in 0.017402 seconds 
========================================================================
Received Import Request.
  Time since last request: 0.000317 seconds.
  path: Assets/assets_platformer/enemy_death.png
  artifactKey: Guid(d28c11ba482e1a8438bf23bcdd524592) Importer(815301076,1909f56bfc062723c751e8b465ee728b)
Start importing Assets/assets_platformer/enemy_death.png using Guid(d28c11ba482e1a8438bf23bcdd524592) Importer(815301076,1909f56bfc062723c751e8b465ee728b)  -> (artifact id: 'aa7b7fe6500b77f0f7f14461dfe0e536') in 0.014710 seconds 
========================================================================
Received Import Request.
  Time since last request: 92.549937 seconds.
  path: Assets/assets_platformer/enemy2.png
  artifactKey: Guid(8547ea2af8afa894399c1e01ca986ebf) Importer(815301076,1909f56bfc062723c751e8b465ee728b)
Start importing Assets/assets_platformer/enemy2.png using Guid(8547ea2af8afa894399c1e01ca986ebf) Importer(815301076,1909f56bfc062723c751e8b465ee728b)  -> (artifact id: '07e4ae388be194ec2673c990a49ab530') in 0.012939 seconds 
========================================================================
Received Import Request.
  Time since last request: 28.256761 seconds.
  path: Assets/assets_platformer/enemy2.png
  artifactKey: Guid(8547ea2af8afa894399c1e01ca986ebf) Importer(815301076,1909f56bfc062723c751e8b465ee728b)
Start importing Assets/assets_platformer/enemy2.png using Guid(8547ea2af8afa894399c1e01ca986ebf) Importer(815301076,1909f56bfc062723c751e8b465ee728b)  -> (artifact id: '7b9af0b39308741f29f40e9e434a97db') in 0.020890 seconds 
========================================================================
Received Import Request.
  Time since last request: 18.087275 seconds.
  path: Assets/assets_platformer/enemy2.png
  artifactKey: Guid(8547ea2af8afa894399c1e01ca986ebf) Importer(815301076,1909f56bfc062723c751e8b465ee728b)
Start importing Assets/assets_platformer/enemy2.png using Guid(8547ea2af8afa894399c1e01ca986ebf) Importer(815301076,1909f56bfc062723c751e8b465ee728b)  -> (artifact id: '54490658455dcdfc6b8d42b1c58b29ef') in 0.023635 seconds 
========================================================================
Received Import Request.
  Time since last request: 55.576987 seconds.
  path: Assets/assets_platformer/enemy2.png
  artifactKey: Guid(8547ea2af8afa894399c1e01ca986ebf) Importer(815301076,1909f56bfc062723c751e8b465ee728b)
Start importing Assets/assets_platformer/enemy2.png using Guid(8547ea2af8afa894399c1e01ca986ebf) Importer(815301076,1909f56bfc062723c751e8b465ee728b)  -> (artifact id: '48ded34cc8d3ffcd8950b75b4ad1687a') in 0.020820 seconds 
========================================================================
Received Import Request.
  Time since last request: 99.551738 seconds.
  path: Assets/Scritps
  artifactKey: Guid(a756bd4187855924fade6d6220cf1b5e) Importer(815301076,1909f56bfc062723c751e8b465ee728b)
Start importing Assets/Scritps using Guid(a756bd4187855924fade6d6220cf1b5e) Importer(815301076,1909f56bfc062723c751e8b465ee728b)  -> (artifact id: '15c2af68524948c684a49e00c0e50b41') in 0.005651 seconds 
========================================================================
Received Import Request.
  Time since last request: 7.806126 seconds.
  path: Assets/Scritps/Enemy.cs
  artifactKey: Guid(5bd46cc8cbbb49f4a8b2eca638a28fb8) Importer(815301076,1909f56bfc062723c751e8b465ee728b)
Start importing Assets/Scritps/Enemy.cs using Guid(5bd46cc8cbbb49f4a8b2eca638a28fb8) Importer(815301076,1909f56bfc062723c751e8b465ee728b)  -> (artifact id: '5ffc31d539eb5eaa1cd82481d8b56a9a') in 0.158639 seconds 
========================================================================
Received Prepare
Registering precompiled user dll's ...
Registered in 0.012010 seconds.
Begin MonoManager ReloadAssembly
Native extension for WindowsStandalone target not found
Native extension for WebGL target not found
Refreshing native plugins compatible for Editor in 0.66 ms, found 3 plugins.
Preloading 0 native plugins for Editor in 0.00 ms.
Mono: successfully reloaded assembly
- Completed reload, in  2.506 seconds
Domain Reload Profiling:
	ReloadAssembly (2506ms)
		BeginReloadAssembly (331ms)
			ExecutionOrderSort (0ms)
			DisableScriptedObjects (9ms)
			BackupInstance (0ms)
			ReleaseScriptingObjects (0ms)
			CreateAndSetChildDomain (61ms)
		EndReloadAssembly (2060ms)
			LoadAssemblies (190ms)
			RebuildTransferFunctionScriptingTraits (0ms)
			SetupTypeCache (504ms)
			ReleaseScriptCaches (1ms)
			RebuildScriptCaches (75ms)
			SetupLoadedEditorAssemblies (1123ms)
				LogAssemblyErrors (0ms)
				InitializePlatformSupportModulesInManaged (9ms)
				SetLoadedEditorAssemblies (1ms)
				RefreshPlugins (1ms)
				BeforeProcessingInitializeOnLoad (98ms)
				ProcessInitializeOnLoadAttributes (988ms)
				ProcessInitializeOnLoadMethodAttributes (13ms)
				AfterProcessingInitializeOnLoad (14ms)
				EditorAssembliesLoaded (0ms)
			ExecutionOrderSort2 (0ms)
			AwakeInstancesAfterBackupRestoration (27ms)
Platform modules already initialized, skipping
Refreshing native plugins compatible for Editor in 0.64 ms, found 3 plugins.
Preloading 0 native plugins for Editor in 0.00 ms.
Unloading 2299 Unused Serialized files (Serialized files now loaded: 0)
System memory in use before: 114.9 MB.
System memory in use after: 115.1 MB.

Unloading 18 unused Assets to reduce memory usage. Loaded Objects now: 3186.
Total: 5.140300 ms (FindLiveObjects: 0.311400 ms CreateObjectMapping: 0.158300 ms MarkObjects: 4.601500 ms  DeleteObjects: 0.067800 ms)

AssetImportParameters requested are different than current active one (requested -> active):
  custom:framework-win-MediaFoundation: 216162199b28c13a410421893ffa2e32 -> 
  custom:video-decoder-ogg-theora: a1e56fd34408186e4bbccfd4996cb3dc -> 
  custom:container-muxer-webm: aa71ff27fc2769a1b78a27578f13a17b -> 
  custom:container-demuxer-webm: 4f35f7cbe854078d1ac9338744f61a02 -> 
  custom:container-demuxer-ogg: 62fdf1f143b41e24485cea50d1cbac27 -> 
  custom:video-encoder-webm-vp8: eb34c28f22e8b96e1ab97ce403110664 -> 
  custom:video-decoder-webm-vp8: 9c59270c3fd7afecdb556c50c9e8de78 -> 
  custom:audio-decoder-ogg-vorbis: bf7c407c2cedff20999df2af8eb42d56 -> 
  custom:audio-encoder-webm-vorbis: bf7c407c2cedff20999df2af8eb42d56 -> 
========================================================================
Received Prepare
Registering precompiled user dll's ...
Registered in 0.020547 seconds.
Begin MonoManager ReloadAssembly
Native extension for WindowsStandalone target not found
Native extension for WebGL target not found
Refreshing native plugins compatible for Editor in 0.69 ms, found 3 plugins.
Preloading 0 native plugins for Editor in 0.00 ms.
Mono: successfully reloaded assembly
- Completed reload, in  2.011 seconds
Domain Reload Profiling:
	ReloadAssembly (2012ms)
		BeginReloadAssembly (242ms)
			ExecutionOrderSort (0ms)
			DisableScriptedObjects (15ms)
			BackupInstance (0ms)
			ReleaseScriptingObjects (0ms)
			CreateAndSetChildDomain (53ms)
		EndReloadAssembly (1657ms)
			LoadAssemblies (181ms)
			RebuildTransferFunctionScriptingTraits (0ms)
			SetupTypeCache (490ms)
			ReleaseScriptCaches (1ms)
			RebuildScriptCaches (74ms)
			SetupLoadedEditorAssemblies (752ms)
				LogAssemblyErrors (0ms)
				InitializePlatformSupportModulesInManaged (9ms)
				SetLoadedEditorAssemblies (1ms)
				RefreshPlugins (1ms)
				BeforeProcessingInitializeOnLoad (97ms)
				ProcessInitializeOnLoadAttributes (616ms)
				ProcessInitializeOnLoadMethodAttributes (13ms)
				AfterProcessingInitializeOnLoad (15ms)
				EditorAssembliesLoaded (0ms)
			ExecutionOrderSort2 (0ms)
			AwakeInstancesAfterBackupRestoration (26ms)
Platform modules already initialized, skipping
Refreshing native plugins compatible for Editor in 0.66 ms, found 3 plugins.
Preloading 0 native plugins for Editor in 0.00 ms.
Unloading 2420 Unused Serialized files (Serialized files now loaded: 0)
System memory in use before: 120.1 MB.
System memory in use after: 119.9 MB.

Unloading 23 unused Assets to reduce memory usage. Loaded Objects now: 3321.
Total: 5.350900 ms (FindLiveObjects: 0.338200 ms CreateObjectMapping: 0.174300 ms MarkObjects: 4.565000 ms  DeleteObjects: 0.272100 ms)

AssetImportParameters requested are different than current active one (requested -> active):
  custom:framework-win-MediaFoundation: 216162199b28c13a410421893ffa2e32 -> 
  custom:video-decoder-ogg-theora: a1e56fd34408186e4bbccfd4996cb3dc -> 
  custom:container-muxer-webm: aa71ff27fc2769a1b78a27578f13a17b -> 
  custom:container-demuxer-webm: 4f35f7cbe854078d1ac9338744f61a02 -> 
  custom:container-demuxer-ogg: 62fdf1f143b41e24485cea50d1cbac27 -> 
  custom:video-encoder-webm-vp8: eb34c28f22e8b96e1ab97ce403110664 -> 
  custom:video-decoder-webm-vp8: 9c59270c3fd7afecdb556c50c9e8de78 -> 
  custom:audio-decoder-ogg-vorbis: bf7c407c2cedff20999df2af8eb42d56 -> 
  custom:audio-encoder-webm-vorbis: bf7c407c2cedff20999df2af8eb42d56 -> 
========================================================================
Received Prepare
Registering precompiled user dll's ...
Registered in 0.013404 seconds.
Begin MonoManager ReloadAssembly
Native extension for WindowsStandalone target not found
Native extension for WebGL target not found
Refreshing native plugins compatible for Editor in 0.72 ms, found 3 plugins.
Preloading 0 native plugins for Editor in 0.00 ms.
Mono: successfully reloaded assembly
- Completed reload, in  3.833 seconds
Domain Reload Profiling:
	ReloadAssembly (3834ms)
		BeginReloadAssembly (215ms)
			ExecutionOrderSort (0ms)
			DisableScriptedObjects (15ms)
			BackupInstance (0ms)
			ReleaseScriptingObjects (0ms)
			CreateAndSetChildDomain (53ms)
		EndReloadAssembly (3504ms)
			LoadAssemblies (188ms)
			RebuildTransferFunctionScriptingTraits (0ms)
			SetupTypeCache (494ms)
			ReleaseScriptCaches (1ms)
			RebuildScriptCaches (74ms)
			SetupLoadedEditorAssemblies (2588ms)
				LogAssemblyErrors (0ms)
				InitializePlatformSupportModulesInManaged (9ms)
				SetLoadedEditorAssemblies (1ms)
				RefreshPlugins (1ms)
				BeforeProcessingInitializeOnLoad (98ms)
				ProcessInitializeOnLoadAttributes (2454ms)
				ProcessInitializeOnLoadMethodAttributes (12ms)
				AfterProcessingInitializeOnLoad (14ms)
				EditorAssembliesLoaded (0ms)
			ExecutionOrderSort2 (0ms)
			AwakeInstancesAfterBackupRestoration (26ms)
Platform modules already initialized, skipping
Refreshing native plugins compatible for Editor in 0.67 ms, found 3 plugins.
Preloading 0 native plugins for Editor in 0.00 ms.
Unloading 2419 Unused Serialized files (Serialized files now loaded: 0)
System memory in use before: 120.0 MB.
System memory in use after: 119.8 MB.

Unloading 23 unused Assets to reduce memory usage. Loaded Objects now: 3324.
Total: 5.804800 ms (FindLiveObjects: 0.308000 ms CreateObjectMapping: 0.199000 ms MarkObjects: 5.036200 ms  DeleteObjects: 0.259900 ms)

AssetImportParameters requested are different than current active one (requested -> active):
  custom:framework-win-MediaFoundation: 216162199b28c13a410421893ffa2e32 -> 
  custom:video-decoder-ogg-theora: a1e56fd34408186e4bbccfd4996cb3dc -> 
  custom:container-muxer-webm: aa71ff27fc2769a1b78a27578f13a17b -> 
  custom:container-demuxer-webm: 4f35f7cbe854078d1ac9338744f61a02 -> 
  custom:container-demuxer-ogg: 62fdf1f143b41e24485cea50d1cbac27 -> 
  custom:video-encoder-webm-vp8: eb34c28f22e8b96e1ab97ce403110664 -> 
  custom:video-decoder-webm-vp8: 9c59270c3fd7afecdb556c50c9e8de78 -> 
  custom:audio-decoder-ogg-vorbis: bf7c407c2cedff20999df2af8eb42d56 -> 
  custom:audio-encoder-webm-vorbis: bf7c407c2cedff20999df2af8eb42d56 -> 
========================================================================
Received Prepare
Registering precompiled user dll's ...
Registered in 0.014966 seconds.
Begin MonoManager ReloadAssembly
Native extension for WindowsStandalone target not found
Native extension for WebGL target not found
Refreshing native plugins compatible for Editor in 0.71 ms, found 3 plugins.
Preloading 0 native plugins for Editor in 0.00 ms.
Mono: successfully reloaded assembly
- Completed reload, in  2.074 seconds
Domain Reload Profiling:
	ReloadAssembly (2075ms)
		BeginReloadAssembly (232ms)
			ExecutionOrderSort (0ms)
			DisableScriptedObjects (15ms)
			BackupInstance (0ms)
			ReleaseScriptingObjects (0ms)
			CreateAndSetChildDomain (51ms)
		EndReloadAssembly (1734ms)
			LoadAssemblies (199ms)
			RebuildTransferFunctionScriptingTraits (0ms)
			SetupTypeCache (564ms)
			ReleaseScriptCaches (1ms)
			RebuildScriptCaches (82ms)
			SetupLoadedEditorAssemblies (717ms)
				LogAssemblyErrors (0ms)
				InitializePlatformSupportModulesInManaged (11ms)
				SetLoadedEditorAssemblies (1ms)
				RefreshPlugins (1ms)
				BeforeProcessingInitializeOnLoad (106ms)
				ProcessInitializeOnLoadAttributes (571ms)
				ProcessInitializeOnLoadMethodAttributes (13ms)
				AfterProcessingInitializeOnLoad (15ms)
				EditorAssembliesLoaded (0ms)
			ExecutionOrderSort2 (0ms)
			AwakeInstancesAfterBackupRestoration (26ms)
Platform modules already initialized, skipping
Refreshing native plugins compatible for Editor in 0.69 ms, found 3 plugins.
Preloading 0 native plugins for Editor in 0.00 ms.
Unloading 2419 Unused Serialized files (Serialized files now loaded: 0)
System memory in use before: 119.9 MB.
System memory in use after: 119.8 MB.

Unloading 23 unused Assets to reduce memory usage. Loaded Objects now: 3327.
Total: 5.283700 ms (FindLiveObjects: 0.297100 ms CreateObjectMapping: 0.160500 ms MarkObjects: 4.571400 ms  DeleteObjects: 0.253200 ms)

AssetImportParameters requested are different than current active one (requested -> active):
  custom:framework-win-MediaFoundation: 216162199b28c13a410421893ffa2e32 -> 
  custom:video-decoder-ogg-theora: a1e56fd34408186e4bbccfd4996cb3dc -> 
  custom:container-muxer-webm: aa71ff27fc2769a1b78a27578f13a17b -> 
  custom:container-demuxer-webm: 4f35f7cbe854078d1ac9338744f61a02 -> 
  custom:container-demuxer-ogg: 62fdf1f143b41e24485cea50d1cbac27 -> 
  custom:video-encoder-webm-vp8: eb34c28f22e8b96e1ab97ce403110664 -> 
  custom:video-decoder-webm-vp8: 9c59270c3fd7afecdb556c50c9e8de78 -> 
  custom:audio-decoder-ogg-vorbis: bf7c407c2cedff20999df2af8eb42d56 -> 
  custom:audio-encoder-webm-vorbis: bf7c407c2cedff20999df2af8eb42d56 -> 
========================================================================
Received Prepare
Registering precompiled user dll's ...
Registered in 0.011868 seconds.
Begin MonoManager ReloadAssembly
Native extension for WindowsStandalone target not found
Native extension for WebGL target not found
Refreshing native plugins compatible for Editor in 0.69 ms, found 3 plugins.
Preloading 0 native plugins for Editor in 0.00 ms.
Mono: successfully reloaded assembly
- Completed reload, in  2.188 seconds
Domain Reload Profiling:
	ReloadAssembly (2188ms)
		BeginReloadAssembly (199ms)
			ExecutionOrderSort (0ms)
			DisableScriptedObjects (15ms)
			BackupInstance (0ms)
			ReleaseScriptingObjects (0ms)
			CreateAndSetChildDomain (53ms)
		EndReloadAssembly (1888ms)
			LoadAssemblies (177ms)
			RebuildTransferFunctionScriptingTraits (0ms)
			SetupTypeCache (485ms)
			ReleaseScriptCaches (2ms)
			RebuildScriptCaches (73ms)
			SetupLoadedEditorAssemblies (988ms)
				LogAssemblyErrors (0ms)
				InitializePlatformSupportModulesInManaged (9ms)
				SetLoadedEditorAssemblies (1ms)
				RefreshPlugins (1ms)
				BeforeProcessingInitializeOnLoad (96ms)
				ProcessInitializeOnLoadAttributes (854ms)
				ProcessInitializeOnLoadMethodAttributes (13ms)
				AfterProcessingInitializeOnLoad (15ms)
				EditorAssembliesLoaded (0ms)
			ExecutionOrderSort2 (0ms)
			AwakeInstancesAfterBackupRestoration (28ms)
Platform modules already initialized, skipping
Refreshing native plugins compatible for Editor in 0.73 ms, found 3 plugins.
Preloading 0 native plugins for Editor in 0.00 ms.
Unloading 2419 Unused Serialized files (Serialized files now loaded: 0)
System memory in use before: 120.0 MB.
System memory in use after: 119.9 MB.

Unloading 23 unused Assets to reduce memory usage. Loaded Objects now: 3330.
Total: 5.516800 ms (FindLiveObjects: 0.315000 ms CreateObjectMapping: 0.155200 ms MarkObjects: 4.792200 ms  DeleteObjects: 0.252900 ms)

AssetImportParameters requested are different than current active one (requested -> active):
  custom:framework-win-MediaFoundation: 216162199b28c13a410421893ffa2e32 -> 
  custom:video-decoder-ogg-theora: a1e56fd34408186e4bbccfd4996cb3dc -> 
  custom:container-muxer-webm: aa71ff27fc2769a1b78a27578f13a17b -> 
  custom:container-demuxer-webm: 4f35f7cbe854078d1ac9338744f61a02 -> 
  custom:container-demuxer-ogg: 62fdf1f143b41e24485cea50d1cbac27 -> 
  custom:video-encoder-webm-vp8: eb34c28f22e8b96e1ab97ce403110664 -> 
  custom:video-decoder-webm-vp8: 9c59270c3fd7afecdb556c50c9e8de78 -> 
  custom:audio-decoder-ogg-vorbis: bf7c407c2cedff20999df2af8eb42d56 -> 
  custom:audio-encoder-webm-vorbis: bf7c407c2cedff20999df2af8eb42d56 -> 
========================================================================
Received Prepare
Registering precompiled user dll's ...
Registered in 0.013467 seconds.
Begin MonoManager ReloadAssembly
Native extension for WindowsStandalone target not found
Native extension for WebGL target not found
Refreshing native plugins compatible for Editor in 0.81 ms, found 3 plugins.
Preloading 0 native plugins for Editor in 0.00 ms.
Mono: successfully reloaded assembly
- Completed reload, in  2.113 seconds
Domain Reload Profiling:
	ReloadAssembly (2114ms)
		BeginReloadAssembly (217ms)
			ExecutionOrderSort (0ms)
			DisableScriptedObjects (19ms)
			BackupInstance (0ms)
			ReleaseScriptingObjects (0ms)
			CreateAndSetChildDomain (54ms)
		EndReloadAssembly (1792ms)
			LoadAssemblies (185ms)
			RebuildTransferFunctionScriptingTraits (0ms)
			SetupTypeCache (498ms)
			ReleaseScriptCaches (1ms)
			RebuildScriptCaches (82ms)
			SetupLoadedEditorAssemblies (823ms)
				LogAssemblyErrors (0ms)
				InitializePlatformSupportModulesInManaged (9ms)
				SetLoadedEditorAssemblies (1ms)
				RefreshPlugins (1ms)
				BeforeProcessingInitializeOnLoad (101ms)
				ProcessInitializeOnLoadAttributes (641ms)
				ProcessInitializeOnLoadMethodAttributes (43ms)
				AfterProcessingInitializeOnLoad (28ms)
				EditorAssembliesLoaded (0ms)
			ExecutionOrderSort2 (0ms)
			AwakeInstancesAfterBackupRestoration (42ms)
Platform modules already initialized, skipping
Refreshing native plugins compatible for Editor in 0.68 ms, found 3 plugins.
Preloading 0 native plugins for Editor in 0.00 ms.
Unloading 2419 Unused Serialized files (Serialized files now loaded: 0)
System memory in use before: 120.1 MB.
System memory in use after: 119.9 MB.

Unloading 23 unused Assets to reduce memory usage. Loaded Objects now: 3333.
Total: 5.780800 ms (FindLiveObjects: 0.309400 ms CreateObjectMapping: 0.176800 ms MarkObjects: 5.021300 ms  DeleteObjects: 0.271500 ms)

AssetImportParameters requested are different than current active one (requested -> active):
  custom:framework-win-MediaFoundation: 216162199b28c13a410421893ffa2e32 -> 
  custom:video-decoder-ogg-theora: a1e56fd34408186e4bbccfd4996cb3dc -> 
  custom:container-muxer-webm: aa71ff27fc2769a1b78a27578f13a17b -> 
  custom:container-demuxer-webm: 4f35f7cbe854078d1ac9338744f61a02 -> 
  custom:container-demuxer-ogg: 62fdf1f143b41e24485cea50d1cbac27 -> 
  custom:video-encoder-webm-vp8: eb34c28f22e8b96e1ab97ce403110664 -> 
  custom:video-decoder-webm-vp8: 9c59270c3fd7afecdb556c50c9e8de78 -> 
  custom:audio-decoder-ogg-vorbis: bf7c407c2cedff20999df2af8eb42d56 -> 
  custom:audio-encoder-webm-vorbis: bf7c407c2cedff20999df2af8eb42d56 -> 
AssetImportWorkerClient::OnTransportError - code=2 error=End of file
